{"contracts/IERC20.sol":{"l":{},"path":"/Users/vm06007/Development/bitcoincom-solidity-swap/contracts/IERC20.sol","s":{},"b":{},"f":{},"fnMap":{},"statementMap":{},"branchMap":{}},"contracts/ISwapsCallee.sol":{"l":{},"path":"/Users/vm06007/Development/bitcoincom-solidity-swap/contracts/ISwapsCallee.sol","s":{},"b":{},"f":{},"fnMap":{},"statementMap":{},"branchMap":{}},"contracts/ISwapsERC20.sol":{"l":{},"path":"/Users/vm06007/Development/bitcoincom-solidity-swap/contracts/ISwapsERC20.sol","s":{},"b":{},"f":{},"fnMap":{},"statementMap":{},"branchMap":{}},"contracts/ISwapsFactory.sol":{"l":{},"path":"/Users/vm06007/Development/bitcoincom-solidity-swap/contracts/ISwapsFactory.sol","s":{},"b":{},"f":{},"fnMap":{},"statementMap":{},"branchMap":{}},"contracts/ISwapsPair.sol":{"l":{},"path":"/Users/vm06007/Development/bitcoincom-solidity-swap/contracts/ISwapsPair.sol","s":{},"b":{},"f":{},"fnMap":{},"statementMap":{},"branchMap":{}},"contracts/ISwapsRouter.sol":{"l":{},"path":"/Users/vm06007/Development/bitcoincom-solidity-swap/contracts/ISwapsRouter.sol","s":{},"b":{},"f":{},"fnMap":{},"statementMap":{},"branchMap":{}},"contracts/IWETH.sol":{"l":{},"path":"/Users/vm06007/Development/bitcoincom-solidity-swap/contracts/IWETH.sol","s":{},"b":{},"f":{},"fnMap":{},"statementMap":{},"branchMap":{}},"contracts/SafeMath.sol":{"l":{"7":0,"11":36,"15":58},"path":"/Users/vm06007/Development/bitcoincom-solidity-swap/contracts/SafeMath.sol","s":{"1":0,"2":36,"3":58},"b":{"1":[0,0],"2":[36,0],"3":[58,0]},"f":{"1":0,"2":36,"3":58},"fnMap":{"1":{"name":"add","line":6,"loc":{"start":{"line":6,"column":4},"end":{"line":8,"column":4}}},"2":{"name":"sub","line":10,"loc":{"start":{"line":10,"column":4},"end":{"line":12,"column":4}}},"3":{"name":"mul","line":14,"loc":{"start":{"line":14,"column":4},"end":{"line":16,"column":4}}}},"statementMap":{"1":{"start":{"line":7,"column":8},"end":{"line":7,"column":56}},"2":{"start":{"line":11,"column":8},"end":{"line":11,"column":57}},"3":{"start":{"line":15,"column":8},"end":{"line":15,"column":70}}},"branchMap":{"1":{"line":7,"type":"if","locations":[{"start":{"line":7,"column":8},"end":{"line":7,"column":8}},{"start":{"line":7,"column":8},"end":{"line":7,"column":8}}]},"2":{"line":11,"type":"if","locations":[{"start":{"line":11,"column":8},"end":{"line":11,"column":8}},{"start":{"line":11,"column":8},"end":{"line":11,"column":8}}]},"3":{"line":15,"type":"if","locations":[{"start":{"line":15,"column":8},"end":{"line":15,"column":8}},{"start":{"line":15,"column":8},"end":{"line":15,"column":8}}]}}},"contracts/SwapHelper.sol":{"l":{"14":20,"26":20},"path":"/Users/vm06007/Development/bitcoincom-solidity-swap/contracts/SwapHelper.sol","s":{},"b":{},"f":{"1":20,"2":20},"fnMap":{"1":{"name":"encode","line":8,"loc":{"start":{"line":8,"column":0},"end":{"line":17,"column":0}}},"2":{"name":"uqdiv","line":19,"loc":{"start":{"line":19,"column":0},"end":{"line":29,"column":0}}}},"statementMap":{},"branchMap":{}},"contracts/SwapsFactory.sol":{"l":{"44":4,"45":4,"62":14,"65":14,"68":14,"81":4,"84":4,"87":4,"101":4,"103":4,"117":4,"120":4,"123":4,"137":4,"143":4,"153":0,"159":0,"171":4,"174":4,"180":4,"194":0,"199":0,"216":0,"223":0,"229":0,"261":20,"265":20,"266":20,"267":20,"275":36,"289":14,"290":14,"321":4,"331":4,"336":4,"337":4,"349":20,"355":20,"356":20,"358":20,"360":10,"361":10,"363":20,"364":20,"366":20,"368":20,"382":14,"383":14,"384":14,"385":14,"386":0,"387":0,"388":0,"389":0,"390":0,"391":0,"392":0,"393":0,"397":0,"409":10,"411":10,"412":10,"414":10,"415":10,"417":10,"422":10,"424":10,"425":4,"426":4,"428":6,"431":10,"436":10,"441":10,"448":10,"450":10,"468":4,"470":4,"471":4,"473":4,"474":4,"476":4,"478":4,"483":4,"485":4,"486":4,"488":4,"494":4,"499":4,"505":4,"511":4,"512":4,"514":4,"521":4,"523":4,"541":6,"547":6,"549":6,"555":6,"556":6,"558":6,"559":6,"560":6,"568":6,"569":6,"570":6,"571":6,"572":6,"575":6,"576":6,"578":6,"583":6,"584":6,"585":6,"586":6,"589":6,"596":6,"612":0,"613":0,"615":0,"616":0,"623":0,"651":2,"659":0,"667":2,"679":8,"684":8,"688":8,"693":8,"698":4,"700":4,"707":4,"711":4,"716":4,"717":4,"719":4,"721":4,"734":0,"739":0,"747":0,"752":0,"766":6,"776":4},"path":"/Users/vm06007/Development/bitcoincom-solidity-swap/contracts/SwapsFactory.sol","s":{"1":4,"2":4,"3":14,"4":14,"5":14,"6":4,"7":4,"8":4,"9":4,"10":4,"11":4,"12":4,"13":4,"14":4,"15":4,"16":0,"17":0,"18":4,"19":4,"20":4,"21":0,"22":0,"23":0,"24":0,"25":0,"26":20,"27":20,"28":20,"29":36,"30":14,"31":14,"32":4,"33":4,"34":4,"35":4,"36":20,"37":20,"38":20,"39":20,"40":10,"41":10,"42":20,"43":20,"44":20,"45":20,"46":14,"47":14,"48":14,"49":14,"50":0,"51":0,"52":0,"53":0,"54":0,"55":0,"56":0,"57":0,"58":0,"59":14,"60":0,"61":10,"62":10,"63":10,"64":10,"65":10,"66":10,"67":10,"68":10,"69":4,"70":4,"71":6,"72":10,"73":10,"74":10,"75":10,"76":0,"77":10,"78":4,"79":4,"80":4,"81":4,"82":4,"83":4,"84":4,"85":4,"86":4,"87":4,"88":4,"89":4,"90":4,"91":4,"92":4,"93":4,"94":4,"95":4,"96":0,"97":4,"98":6,"99":6,"100":6,"101":6,"102":6,"103":6,"104":6,"105":6,"106":4,"107":6,"108":2,"109":6,"110":0,"111":6,"112":6,"113":6,"114":6,"115":6,"116":6,"117":6,"118":6,"119":6,"120":6,"121":0,"122":0,"123":0,"124":0,"125":0,"126":2,"127":0,"128":2,"129":8,"130":8,"131":8,"132":8,"133":4,"134":4,"135":4,"136":4,"137":4,"138":4,"139":4,"140":0,"141":0,"142":0,"143":0,"144":6},"b":{"1":[0,0],"2":[0,0],"3":[20,0],"4":[14,0],"5":[4,0],"6":[20,0],"7":[10,10],"8":[0,14],"9":[0,0],"10":[0,0],"11":[0,0],"12":[0,14],"13":[4,6],"14":[10,0],"15":[0,10],"16":[4,0],"17":[0,4],"18":[6,0],"19":[6,0],"20":[4,2],"21":[2,4],"22":[0,6],"23":[6,0],"24":[6,0],"25":[8,0],"26":[8,0],"27":[4,4],"28":[0,0],"29":[0,0]},"f":{"1":4,"2":14,"3":4,"4":4,"5":4,"6":4,"7":0,"8":4,"9":0,"10":20,"11":36,"12":14,"13":4,"14":4,"15":20,"16":14,"17":10,"18":4,"19":6,"20":0,"21":0,"22":2,"23":0,"24":2,"25":8,"26":0,"27":0,"28":6,"29":4},"fnMap":{"1":{"name":"constructor","line":43,"loc":{"start":{"line":43,"column":4},"end":{"line":54,"column":4}}},"2":{"name":"_mint","line":56,"loc":{"start":{"line":56,"column":4},"end":{"line":73,"column":4}}},"3":{"name":"_burn","line":75,"loc":{"start":{"line":75,"column":4},"end":{"line":92,"column":4}}},"4":{"name":"_approve","line":94,"loc":{"start":{"line":94,"column":4},"end":{"line":108,"column":4}}},"5":{"name":"_transfer","line":110,"loc":{"start":{"line":110,"column":4},"end":{"line":128,"column":4}}},"6":{"name":"approve","line":130,"loc":{"start":{"line":130,"column":4},"end":{"line":144,"column":4}}},"7":{"name":"transfer","line":146,"loc":{"start":{"line":146,"column":4},"end":{"line":160,"column":4}}},"8":{"name":"transferFrom","line":162,"loc":{"start":{"line":162,"column":4},"end":{"line":181,"column":4}}},"9":{"name":"permit","line":183,"loc":{"start":{"line":183,"column":4},"end":{"line":234,"column":4}}},"10":{"name":"lock","line":260,"loc":{"start":{"line":260,"column":4},"end":{"line":268,"column":4}}},"11":{"name":"getReserves","line":270,"loc":{"start":{"line":270,"column":4},"end":{"line":280,"column":4}}},"12":{"name":"_safeTransfer","line":282,"loc":{"start":{"line":282,"column":4},"end":{"line":291,"column":4}}},"13":{"name":"constructor","line":320,"loc":{"start":{"line":320,"column":4},"end":{"line":322,"column":4}}},"14":{"name":"initialize","line":325,"loc":{"start":{"line":325,"column":4},"end":{"line":338,"column":4}}},"15":{"name":"_update","line":341,"loc":{"start":{"line":341,"column":4},"end":{"line":372,"column":4}}},"16":{"name":"_mintFee","line":375,"loc":{"start":{"line":375,"column":4},"end":{"line":399,"column":4}}},"17":{"name":"mint","line":406,"loc":{"start":{"line":402,"column":4},"end":{"line":455,"column":4}}},"18":{"name":"burn","line":462,"loc":{"start":{"line":458,"column":4},"end":{"line":529,"column":4}}},"19":{"name":"swap","line":539,"loc":{"start":{"line":532,"column":4},"end":{"line":604,"column":4}}},"20":{"name":"skim","line":610,"loc":{"start":{"line":606,"column":4},"end":{"line":617,"column":4}}},"21":{"name":"sync","line":621,"loc":{"start":{"line":619,"column":4},"end":{"line":629,"column":4}}},"22":{"name":"constructor","line":648,"loc":{"start":{"line":648,"column":4},"end":{"line":652,"column":4}}},"23":{"name":"allPairsLength","line":654,"loc":{"start":{"line":654,"column":4},"end":{"line":660,"column":4}}},"24":{"name":"pairCodeHash","line":662,"loc":{"start":{"line":662,"column":4},"end":{"line":670,"column":4}}},"25":{"name":"createPair","line":672,"loc":{"start":{"line":672,"column":4},"end":{"line":727,"column":4}}},"26":{"name":"setFeeTo","line":729,"loc":{"start":{"line":729,"column":4},"end":{"line":740,"column":4}}},"27":{"name":"setFeeToSetter","line":742,"loc":{"start":{"line":742,"column":4},"end":{"line":753,"column":4}}},"28":{"name":"min","line":758,"loc":{"start":{"line":758,"column":4},"end":{"line":767,"column":4}}},"29":{"name":"sqrt","line":769,"loc":{"start":{"line":769,"column":4},"end":{"line":788,"column":4}}}},"statementMap":{"1":{"start":{"line":44,"column":8},"end":{"line":44,"column":39}},"2":{"start":{"line":45,"column":8},"end":{"line":45,"column":1181}},"3":{"start":{"line":62,"column":8},"end":{"line":62,"column":1634}},"4":{"start":{"line":65,"column":8},"end":{"line":65,"column":1690}},"5":{"start":{"line":68,"column":8},"end":{"line":68,"column":1728}},"6":{"start":{"line":81,"column":8},"end":{"line":81,"column":1944}},"7":{"start":{"line":84,"column":8},"end":{"line":84,"column":2002}},"8":{"start":{"line":87,"column":8},"end":{"line":87,"column":2042}},"9":{"start":{"line":101,"column":8},"end":{"line":101,"column":43}},"10":{"start":{"line":103,"column":8},"end":{"line":103,"column":2318}},"11":{"start":{"line":117,"column":8},"end":{"line":117,"column":2562}},"12":{"start":{"line":120,"column":8},"end":{"line":120,"column":2623}},"13":{"start":{"line":123,"column":8},"end":{"line":123,"column":2661}},"14":{"start":{"line":137,"column":8},"end":{"line":137,"column":2879}},"15":{"start":{"line":143,"column":8},"end":{"line":143,"column":19}},"16":{"start":{"line":153,"column":8},"end":{"line":153,"column":3121}},"17":{"start":{"line":159,"column":8},"end":{"line":159,"column":19}},"18":{"start":{"line":171,"column":8},"end":{"line":171,"column":3423}},"19":{"start":{"line":174,"column":8},"end":{"line":174,"column":3474}},"20":{"start":{"line":180,"column":8},"end":{"line":180,"column":19}},"21":{"start":{"line":194,"column":8},"end":{"line":194,"column":3789}},"22":{"start":{"line":199,"column":8},"end":{"line":199,"column":3894}},"23":{"start":{"line":216,"column":8},"end":{"line":216,"column":4357}},"24":{"start":{"line":223,"column":8},"end":{"line":223,"column":4478}},"25":{"start":{"line":229,"column":8},"end":{"line":229,"column":4624}},"26":{"start":{"line":261,"column":8},"end":{"line":261,"column":5392}},"27":{"start":{"line":265,"column":8},"end":{"line":265,"column":19}},"28":{"start":{"line":267,"column":8},"end":{"line":267,"column":19}},"29":{"start":{"line":275,"column":8},"end":{"line":275,"column":5635}},"30":{"start":{"line":289,"column":8},"end":{"line":289,"column":99}},"31":{"start":{"line":290,"column":8},"end":{"line":290,"column":92}},"32":{"start":{"line":321,"column":8},"end":{"line":321,"column":27}},"33":{"start":{"line":331,"column":8},"end":{"line":331,"column":6800}},"34":{"start":{"line":336,"column":8},"end":{"line":336,"column":23}},"35":{"start":{"line":337,"column":8},"end":{"line":337,"column":23}},"36":{"start":{"line":349,"column":8},"end":{"line":349,"column":7178}},"37":{"start":{"line":355,"column":8},"end":{"line":355,"column":63}},"38":{"start":{"line":356,"column":8},"end":{"line":356,"column":64}},"39":{"start":{"line":358,"column":8},"end":{"line":358,"column":7432}},"40":{"start":{"line":360,"column":12},"end":{"line":360,"column":90}},"41":{"start":{"line":361,"column":12},"end":{"line":361,"column":90}},"42":{"start":{"line":363,"column":8},"end":{"line":363,"column":35}},"43":{"start":{"line":364,"column":8},"end":{"line":364,"column":35}},"44":{"start":{"line":366,"column":8},"end":{"line":366,"column":42}},"45":{"start":{"line":368,"column":8},"end":{"line":368,"column":7879}},"46":{"start":{"line":382,"column":8},"end":{"line":382,"column":54}},"47":{"start":{"line":383,"column":8},"end":{"line":383,"column":34}},"48":{"start":{"line":384,"column":8},"end":{"line":384,"column":27}},"49":{"start":{"line":385,"column":8},"end":{"line":385,"column":8309}},"50":{"start":{"line":386,"column":12},"end":{"line":386,"column":8338}},"51":{"start":{"line":387,"column":16},"end":{"line":387,"column":70}},"52":{"start":{"line":388,"column":16},"end":{"line":388,"column":50}},"53":{"start":{"line":389,"column":16},"end":{"line":389,"column":8501}},"54":{"start":{"line":390,"column":20},"end":{"line":390,"column":74}},"55":{"start":{"line":391,"column":20},"end":{"line":391,"column":66}},"56":{"start":{"line":392,"column":20},"end":{"line":392,"column":60}},"57":{"start":{"line":393,"column":20},"end":{"line":393,"column":62}},"58":{"start":{"line":393,"column":39},"end":{"line":393,"column":61}},"59":{"start":{"line":396,"column":15},"end":{"line":396,"column":8835}},"60":{"start":{"line":397,"column":12},"end":{"line":397,"column":20}},"61":{"start":{"line":409,"column":8},"end":{"line":409,"column":63}},"62":{"start":{"line":411,"column":8},"end":{"line":411,"column":66}},"63":{"start":{"line":412,"column":8},"end":{"line":412,"column":66}},"64":{"start":{"line":414,"column":8},"end":{"line":414,"column":49}},"65":{"start":{"line":415,"column":8},"end":{"line":415,"column":49}},"66":{"start":{"line":417,"column":8},"end":{"line":417,"column":9429}},"67":{"start":{"line":422,"column":8},"end":{"line":422,"column":42}},"68":{"start":{"line":424,"column":8},"end":{"line":424,"column":9639}},"69":{"start":{"line":425,"column":12},"end":{"line":425,"column":77}},"70":{"start":{"line":426,"column":11},"end":{"line":426,"column":46}},"71":{"start":{"line":428,"column":12},"end":{"line":428,"column":109}},"72":{"start":{"line":431,"column":8},"end":{"line":431,"column":9996}},"73":{"start":{"line":436,"column":8},"end":{"line":436,"column":10096}},"74":{"start":{"line":441,"column":8},"end":{"line":441,"column":10162}},"75":{"start":{"line":448,"column":8},"end":{"line":448,"column":52}},"76":{"start":{"line":448,"column":19},"end":{"line":448,"column":51}},"77":{"start":{"line":450,"column":8},"end":{"line":450,"column":10376}},"78":{"start":{"line":468,"column":8},"end":{"line":468,"column":63}},"79":{"start":{"line":470,"column":8},"end":{"line":470,"column":32}},"80":{"start":{"line":471,"column":8},"end":{"line":471,"column":32}},"81":{"start":{"line":473,"column":8},"end":{"line":473,"column":67}},"82":{"start":{"line":474,"column":8},"end":{"line":474,"column":67}},"83":{"start":{"line":476,"column":8},"end":{"line":476,"column":52}},"84":{"start":{"line":478,"column":8},"end":{"line":478,"column":11069}},"85":{"start":{"line":483,"column":8},"end":{"line":483,"column":39}},"86":{"start":{"line":485,"column":8},"end":{"line":485,"column":52}},"87":{"start":{"line":486,"column":8},"end":{"line":486,"column":52}},"88":{"start":{"line":488,"column":8},"end":{"line":488,"column":11483}},"89":{"start":{"line":494,"column":8},"end":{"line":494,"column":11608}},"90":{"start":{"line":499,"column":8},"end":{"line":499,"column":11684}},"91":{"start":{"line":505,"column":8},"end":{"line":505,"column":11776}},"92":{"start":{"line":511,"column":8},"end":{"line":511,"column":58}},"93":{"start":{"line":512,"column":8},"end":{"line":512,"column":58}},"94":{"start":{"line":514,"column":8},"end":{"line":514,"column":11991}},"95":{"start":{"line":521,"column":8},"end":{"line":521,"column":52}},"96":{"start":{"line":521,"column":19},"end":{"line":521,"column":51}},"97":{"start":{"line":523,"column":8},"end":{"line":523,"column":12205}},"98":{"start":{"line":541,"column":8},"end":{"line":541,"column":12590}},"99":{"start":{"line":547,"column":8},"end":{"line":547,"column":63}},"100":{"start":{"line":549,"column":8},"end":{"line":549,"column":12784}},"101":{"start":{"line":555,"column":8},"end":{"line":555,"column":21}},"102":{"start":{"line":556,"column":8},"end":{"line":556,"column":21}},"103":{"start":{"line":559,"column":8},"end":{"line":559,"column":32}},"104":{"start":{"line":560,"column":8},"end":{"line":560,"column":32}},"105":{"start":{"line":568,"column":8},"end":{"line":568,"column":66}},"106":{"start":{"line":568,"column":28},"end":{"line":568,"column":65}},"107":{"start":{"line":569,"column":8},"end":{"line":569,"column":66}},"108":{"start":{"line":569,"column":28},"end":{"line":569,"column":65}},"109":{"start":{"line":570,"column":8},"end":{"line":570,"column":97}},"110":{"start":{"line":570,"column":29},"end":{"line":570,"column":96}},"111":{"start":{"line":571,"column":8},"end":{"line":571,"column":58}},"112":{"start":{"line":572,"column":8},"end":{"line":572,"column":58}},"113":{"start":{"line":575,"column":8},"end":{"line":575,"column":100}},"114":{"start":{"line":576,"column":8},"end":{"line":576,"column":100}},"115":{"start":{"line":578,"column":8},"end":{"line":578,"column":13861}},"116":{"start":{"line":584,"column":8},"end":{"line":584,"column":72}},"117":{"start":{"line":585,"column":8},"end":{"line":585,"column":72}},"118":{"start":{"line":586,"column":8},"end":{"line":586,"column":106}},"119":{"start":{"line":589,"column":8},"end":{"line":589,"column":14316}},"120":{"start":{"line":596,"column":8},"end":{"line":596,"column":14435}},"121":{"start":{"line":612,"column":8},"end":{"line":612,"column":32}},"122":{"start":{"line":613,"column":8},"end":{"line":613,"column":32}},"123":{"start":{"line":615,"column":8},"end":{"line":615,"column":86}},"124":{"start":{"line":616,"column":8},"end":{"line":616,"column":86}},"125":{"start":{"line":623,"column":8},"end":{"line":623,"column":15024}},"126":{"start":{"line":651,"column":8},"end":{"line":651,"column":33}},"127":{"start":{"line":659,"column":8},"end":{"line":659,"column":30}},"128":{"start":{"line":667,"column":8},"end":{"line":667,"column":15864}},"129":{"start":{"line":679,"column":8},"end":{"line":679,"column":16082}},"130":{"start":{"line":684,"column":8},"end":{"line":684,"column":16201}},"131":{"start":{"line":688,"column":8},"end":{"line":688,"column":16306}},"132":{"start":{"line":693,"column":8},"end":{"line":693,"column":16396}},"133":{"start":{"line":698,"column":8},"end":{"line":698,"column":60}},"134":{"start":{"line":700,"column":8},"end":{"line":700,"column":16574}},"135":{"start":{"line":711,"column":8},"end":{"line":711,"column":16813}},"136":{"start":{"line":716,"column":8},"end":{"line":716,"column":37}},"137":{"start":{"line":717,"column":8},"end":{"line":717,"column":37}},"138":{"start":{"line":719,"column":8},"end":{"line":719,"column":26}},"139":{"start":{"line":721,"column":8},"end":{"line":721,"column":17013}},"140":{"start":{"line":734,"column":8},"end":{"line":734,"column":17217}},"141":{"start":{"line":739,"column":8},"end":{"line":739,"column":21}},"142":{"start":{"line":747,"column":8},"end":{"line":747,"column":17441}},"143":{"start":{"line":752,"column":8},"end":{"line":752,"column":33}},"144":{"start":{"line":766,"column":8},"end":{"line":766,"column":32}}},"branchMap":{"1":{"line":194,"type":"if","locations":[{"start":{"line":194,"column":8},"end":{"line":194,"column":8}},{"start":{"line":194,"column":8},"end":{"line":194,"column":8}}]},"2":{"line":223,"type":"if","locations":[{"start":{"line":223,"column":8},"end":{"line":223,"column":8}},{"start":{"line":223,"column":8},"end":{"line":223,"column":8}}]},"3":{"line":261,"type":"if","locations":[{"start":{"line":261,"column":8},"end":{"line":261,"column":8}},{"start":{"line":261,"column":8},"end":{"line":261,"column":8}}]},"4":{"line":290,"type":"if","locations":[{"start":{"line":290,"column":8},"end":{"line":290,"column":8}},{"start":{"line":290,"column":8},"end":{"line":290,"column":8}}]},"5":{"line":331,"type":"if","locations":[{"start":{"line":331,"column":8},"end":{"line":331,"column":8}},{"start":{"line":331,"column":8},"end":{"line":331,"column":8}}]},"6":{"line":349,"type":"if","locations":[{"start":{"line":349,"column":8},"end":{"line":349,"column":8}},{"start":{"line":349,"column":8},"end":{"line":349,"column":8}}]},"7":{"line":358,"type":"if","locations":[{"start":{"line":358,"column":8},"end":{"line":358,"column":8}},{"start":{"line":358,"column":8},"end":{"line":358,"column":8}}]},"8":{"line":385,"type":"if","locations":[{"start":{"line":385,"column":8},"end":{"line":385,"column":8}},{"start":{"line":385,"column":8},"end":{"line":385,"column":8}}]},"9":{"line":386,"type":"if","locations":[{"start":{"line":386,"column":12},"end":{"line":386,"column":12}},{"start":{"line":386,"column":12},"end":{"line":386,"column":12}}]},"10":{"line":389,"type":"if","locations":[{"start":{"line":389,"column":16},"end":{"line":389,"column":16}},{"start":{"line":389,"column":16},"end":{"line":389,"column":16}}]},"11":{"line":393,"type":"if","locations":[{"start":{"line":393,"column":20},"end":{"line":393,"column":20}},{"start":{"line":393,"column":20},"end":{"line":393,"column":20}}]},"12":{"line":396,"type":"if","locations":[{"start":{"line":396,"column":15},"end":{"line":396,"column":15}},{"start":{"line":396,"column":15},"end":{"line":396,"column":15}}]},"13":{"line":424,"type":"if","locations":[{"start":{"line":424,"column":8},"end":{"line":424,"column":8}},{"start":{"line":424,"column":8},"end":{"line":424,"column":8}}]},"14":{"line":431,"type":"if","locations":[{"start":{"line":431,"column":8},"end":{"line":431,"column":8}},{"start":{"line":431,"column":8},"end":{"line":431,"column":8}}]},"15":{"line":448,"type":"if","locations":[{"start":{"line":448,"column":8},"end":{"line":448,"column":8}},{"start":{"line":448,"column":8},"end":{"line":448,"column":8}}]},"16":{"line":488,"type":"if","locations":[{"start":{"line":488,"column":8},"end":{"line":488,"column":8}},{"start":{"line":488,"column":8},"end":{"line":488,"column":8}}]},"17":{"line":521,"type":"if","locations":[{"start":{"line":521,"column":8},"end":{"line":521,"column":8}},{"start":{"line":521,"column":8},"end":{"line":521,"column":8}}]},"18":{"line":541,"type":"if","locations":[{"start":{"line":541,"column":8},"end":{"line":541,"column":8}},{"start":{"line":541,"column":8},"end":{"line":541,"column":8}}]},"19":{"line":549,"type":"if","locations":[{"start":{"line":549,"column":8},"end":{"line":549,"column":8}},{"start":{"line":549,"column":8},"end":{"line":549,"column":8}}]},"20":{"line":568,"type":"if","locations":[{"start":{"line":568,"column":8},"end":{"line":568,"column":8}},{"start":{"line":568,"column":8},"end":{"line":568,"column":8}}]},"21":{"line":569,"type":"if","locations":[{"start":{"line":569,"column":8},"end":{"line":569,"column":8}},{"start":{"line":569,"column":8},"end":{"line":569,"column":8}}]},"22":{"line":570,"type":"if","locations":[{"start":{"line":570,"column":8},"end":{"line":570,"column":8}},{"start":{"line":570,"column":8},"end":{"line":570,"column":8}}]},"23":{"line":578,"type":"if","locations":[{"start":{"line":578,"column":8},"end":{"line":578,"column":8}},{"start":{"line":578,"column":8},"end":{"line":578,"column":8}}]},"24":{"line":586,"type":"if","locations":[{"start":{"line":586,"column":8},"end":{"line":586,"column":8}},{"start":{"line":586,"column":8},"end":{"line":586,"column":8}}]},"25":{"line":679,"type":"if","locations":[{"start":{"line":679,"column":8},"end":{"line":679,"column":8}},{"start":{"line":679,"column":8},"end":{"line":679,"column":8}}]},"26":{"line":688,"type":"if","locations":[{"start":{"line":688,"column":8},"end":{"line":688,"column":8}},{"start":{"line":688,"column":8},"end":{"line":688,"column":8}}]},"27":{"line":693,"type":"if","locations":[{"start":{"line":693,"column":8},"end":{"line":693,"column":8}},{"start":{"line":693,"column":8},"end":{"line":693,"column":8}}]},"28":{"line":734,"type":"if","locations":[{"start":{"line":734,"column":8},"end":{"line":734,"column":8}},{"start":{"line":734,"column":8},"end":{"line":734,"column":8}}]},"29":{"line":747,"type":"if","locations":[{"start":{"line":747,"column":8},"end":{"line":747,"column":8}},{"start":{"line":747,"column":8},"end":{"line":747,"column":8}}]}}},"contracts/SwapsLibrary.sol":{"l":{"20":84,"25":84,"29":84,"44":58,"49":58,"85":16,"90":16,"98":16,"115":8,"120":8,"125":8,"142":6,"147":6,"152":6,"153":6,"154":6,"156":6,"171":0,"176":0,"181":0,"182":0,"184":0,"199":6,"204":6,"205":6,"207":6,"209":6,"215":6,"235":0,"240":0,"244":0,"246":0,"248":0,"254":0},"path":"/Users/vm06007/Development/bitcoincom-solidity-swap/contracts/SwapsLibrary.sol","s":{"1":84,"2":84,"3":84,"4":58,"5":58,"6":16,"7":16,"8":16,"9":8,"10":8,"11":8,"12":6,"13":6,"14":6,"15":6,"16":6,"17":6,"18":0,"19":0,"20":0,"21":0,"22":0,"23":6,"24":6,"25":6,"26":6,"27":6,"28":6,"29":0,"30":0,"31":0,"32":0,"33":0,"34":0},"b":{"1":[84,0],"2":[84,0],"3":[8,0],"4":[8,0],"5":[6,0],"6":[6,0],"7":[0,0],"8":[0,0],"9":[6,0],"10":[0,0]},"f":{"1":84,"2":58,"3":16,"4":8,"5":6,"6":0,"7":6,"8":0},"fnMap":{"1":{"name":"sortTokens","line":9,"loc":{"start":{"line":9,"column":4},"end":{"line":33,"column":4}}},"2":{"name":"pairFor","line":35,"loc":{"start":{"line":35,"column":4},"end":{"line":69,"column":4}}},"3":{"name":"getReserves","line":73,"loc":{"start":{"line":73,"column":4},"end":{"line":101,"column":4}}},"4":{"name":"quote","line":106,"loc":{"start":{"line":106,"column":4},"end":{"line":128,"column":4}}},"5":{"name":"getAmountOut","line":133,"loc":{"start":{"line":133,"column":4},"end":{"line":157,"column":4}}},"6":{"name":"getAmountIn","line":162,"loc":{"start":{"line":162,"column":4},"end":{"line":185,"column":4}}},"7":{"name":"getAmountsOut","line":190,"loc":{"start":{"line":190,"column":4},"end":{"line":221,"column":4}}},"8":{"name":"getAmountsIn","line":226,"loc":{"start":{"line":226,"column":4},"end":{"line":260,"column":4}}}},"statementMap":{"1":{"start":{"line":20,"column":8},"end":{"line":20,"column":325}},"2":{"start":{"line":25,"column":8},"end":{"line":25,"column":439}},"3":{"start":{"line":29,"column":8},"end":{"line":29,"column":525}},"4":{"start":{"line":44,"column":8},"end":{"line":44,"column":786}},"5":{"start":{"line":49,"column":8},"end":{"line":49,"column":892}},"6":{"start":{"line":85,"column":8},"end":{"line":85,"column":1918}},"7":{"start":{"line":90,"column":8},"end":{"line":90,"column":2023}},"8":{"start":{"line":98,"column":8},"end":{"line":98,"column":2220}},"9":{"start":{"line":115,"column":8},"end":{"line":115,"column":2593}},"10":{"start":{"line":120,"column":8},"end":{"line":120,"column":2681}},"11":{"start":{"line":125,"column":8},"end":{"line":125,"column":2802}},"12":{"start":{"line":142,"column":8},"end":{"line":142,"column":3175}},"13":{"start":{"line":147,"column":8},"end":{"line":147,"column":3270}},"14":{"start":{"line":152,"column":8},"end":{"line":152,"column":48}},"15":{"start":{"line":153,"column":8},"end":{"line":153,"column":56}},"16":{"start":{"line":154,"column":8},"end":{"line":154,"column":64}},"17":{"start":{"line":156,"column":8},"end":{"line":156,"column":42}},"18":{"start":{"line":171,"column":8},"end":{"line":171,"column":3912}},"19":{"start":{"line":176,"column":8},"end":{"line":176,"column":4009}},"20":{"start":{"line":181,"column":8},"end":{"line":181,"column":56}},"21":{"start":{"line":182,"column":8},"end":{"line":182,"column":60}},"22":{"start":{"line":184,"column":8},"end":{"line":184,"column":47}},"23":{"start":{"line":199,"column":8},"end":{"line":199,"column":4567}},"24":{"start":{"line":204,"column":8},"end":{"line":204,"column":40}},"25":{"start":{"line":205,"column":8},"end":{"line":205,"column":28}},"26":{"start":{"line":207,"column":8},"end":{"line":207,"column":4728}},"27":{"start":{"line":209,"column":12},"end":{"line":209,"column":4790}},"28":{"start":{"line":215,"column":12},"end":{"line":215,"column":4944}},"29":{"start":{"line":235,"column":8},"end":{"line":235,"column":5361}},"30":{"start":{"line":240,"column":8},"end":{"line":240,"column":5447}},"31":{"start":{"line":244,"column":8},"end":{"line":244,"column":46}},"32":{"start":{"line":246,"column":8},"end":{"line":246,"column":5563}},"33":{"start":{"line":248,"column":12},"end":{"line":248,"column":5626}},"34":{"start":{"line":254,"column":12},"end":{"line":254,"column":5780}}},"branchMap":{"1":{"line":20,"type":"if","locations":[{"start":{"line":20,"column":8},"end":{"line":20,"column":8}},{"start":{"line":20,"column":8},"end":{"line":20,"column":8}}]},"2":{"line":29,"type":"if","locations":[{"start":{"line":29,"column":8},"end":{"line":29,"column":8}},{"start":{"line":29,"column":8},"end":{"line":29,"column":8}}]},"3":{"line":115,"type":"if","locations":[{"start":{"line":115,"column":8},"end":{"line":115,"column":8}},{"start":{"line":115,"column":8},"end":{"line":115,"column":8}}]},"4":{"line":120,"type":"if","locations":[{"start":{"line":120,"column":8},"end":{"line":120,"column":8}},{"start":{"line":120,"column":8},"end":{"line":120,"column":8}}]},"5":{"line":142,"type":"if","locations":[{"start":{"line":142,"column":8},"end":{"line":142,"column":8}},{"start":{"line":142,"column":8},"end":{"line":142,"column":8}}]},"6":{"line":147,"type":"if","locations":[{"start":{"line":147,"column":8},"end":{"line":147,"column":8}},{"start":{"line":147,"column":8},"end":{"line":147,"column":8}}]},"7":{"line":171,"type":"if","locations":[{"start":{"line":171,"column":8},"end":{"line":171,"column":8}},{"start":{"line":171,"column":8},"end":{"line":171,"column":8}}]},"8":{"line":176,"type":"if","locations":[{"start":{"line":176,"column":8},"end":{"line":176,"column":8}},{"start":{"line":176,"column":8},"end":{"line":176,"column":8}}]},"9":{"line":199,"type":"if","locations":[{"start":{"line":199,"column":8},"end":{"line":199,"column":8}},{"start":{"line":199,"column":8},"end":{"line":199,"column":8}}]},"10":{"line":235,"type":"if","locations":[{"start":{"line":235,"column":8},"end":{"line":235,"column":8}},{"start":{"line":235,"column":8},"end":{"line":235,"column":8}}]}}},"contracts/SwapsRouter.sol":{"l":{"21":22,"25":22,"32":2,"33":2,"40":4,"57":10,"58":2,"61":10,"67":10,"68":4,"74":6,"80":6,"81":4,"86":4,"92":2,"98":2,"102":2,"107":2,"131":4,"140":4,"146":4,"153":4,"160":4,"180":6,"189":6,"195":6,"202":6,"206":6,"213":6,"215":6,"216":0,"241":4,"247":4,"253":4,"255":4,"260":4,"264":4,"269":4,"290":2,"300":2,"306":2,"310":2,"332":0,"338":0,"342":0,"352":0,"378":0,"384":0,"388":0,"398":0,"422":0,"432":0,"438":0,"442":0,"463":0,"469":0,"473":0,"483":0,"500":6,"502":6,"507":6,"512":6,"514":6,"518":6,"522":6,"548":2,"554":2,"559":2,"570":2,"588":0,"594":0,"599":0,"610":0,"628":2,"633":2,"639":2,"644":2,"648":2,"659":2,"677":0,"682":0,"688":0,"693":0,"704":0,"710":0,"714":0,"731":2,"736":2,"742":2,"747":2,"758":2,"764":2,"768":2,"785":0,"790":0,"796":0,"801":0,"805":0,"816":0,"823":0,"824":0,"841":0,"843":0,"848":0,"853":0,"861":0,"862":0,"864":0,"865":0,"867":0,"871":0,"872":0,"874":0,"875":0,"877":0,"896":0,"907":0,"909":0,"914":0,"930":0,"935":0,"937":0,"941":0,"952":0,"953":0,"955":0,"960":0,"976":0,"981":0,"992":0,"997":0,"1001":0,"1006":0,"1010":0,"1027":0,"1043":0,"1059":0,"1074":0,"1090":0,"1106":42},"path":"/Users/vm06007/Development/bitcoincom-solidity-swap/contracts/SwapsRouter.sol","s":{"1":22,"2":2,"3":2,"4":10,"5":2,"6":10,"7":10,"8":4,"9":6,"10":6,"11":4,"12":4,"13":2,"14":2,"15":2,"16":2,"17":4,"18":4,"19":4,"20":4,"21":4,"22":6,"23":6,"24":6,"25":6,"26":6,"27":6,"28":6,"29":4,"30":4,"31":4,"32":4,"33":4,"34":4,"35":4,"36":2,"37":2,"38":2,"39":2,"40":0,"41":0,"42":0,"43":0,"44":0,"45":0,"46":0,"47":0,"48":0,"49":0,"50":0,"51":0,"52":0,"53":0,"54":0,"55":0,"56":6,"57":6,"58":6,"59":6,"60":6,"61":6,"62":6,"63":2,"64":2,"65":2,"66":2,"67":0,"68":0,"69":0,"70":0,"71":2,"72":2,"73":2,"74":2,"75":2,"76":2,"77":0,"78":0,"79":0,"80":0,"81":0,"82":0,"83":0,"84":2,"85":2,"86":2,"87":2,"88":2,"89":2,"90":2,"91":0,"92":0,"93":0,"94":0,"95":0,"96":0,"97":0,"98":0,"99":0,"100":0,"101":0,"102":0,"103":0,"104":0,"105":0,"106":0,"107":0,"108":0,"109":0,"110":0,"111":0,"112":0,"113":0,"114":0,"115":0,"116":0,"117":0,"118":0,"119":0,"120":0,"121":0,"122":0,"123":0,"124":0,"125":0,"126":0,"127":0,"128":0,"129":0,"130":0,"131":0,"132":0,"133":0,"134":42},"b":{"1":[22,0],"2":[4,0],"3":[2,8],"4":[4,6],"5":[4,2],"6":[4,0],"7":[2,0],"8":[0,6],"9":[4,0],"10":[4,0],"11":[2,0],"12":[0,0],"13":[2,0],"14":[2,0],"15":[0,0],"16":[0,0],"17":[2,0],"18":[2,0],"19":[0,0],"20":[0,0],"21":[0,0],"22":[0,0],"23":[0,0],"24":[0,0],"25":[0,0],"26":[0,0]},"f":{"1":22,"2":2,"3":10,"4":4,"5":6,"6":4,"7":2,"8":0,"9":0,"10":0,"11":0,"12":6,"13":2,"14":0,"15":2,"16":0,"17":2,"18":0,"19":0,"20":0,"21":0,"22":0,"23":0,"24":0,"25":0,"26":0,"27":0,"28":42},"fnMap":{"1":{"name":"ensure","line":18,"loc":{"start":{"line":18,"column":4},"end":{"line":26,"column":4}}},"2":{"name":"constructor","line":28,"loc":{"start":{"line":28,"column":4},"end":{"line":34,"column":4}}},"3":{"name":"_addLiquidity","line":46,"loc":{"start":{"line":46,"column":4},"end":{"line":111,"column":4}}},"4":{"name":"addLiquidity","line":124,"loc":{"start":{"line":113,"column":4},"end":{"line":161,"column":4}}},"5":{"name":"addLiquidityETH","line":173,"loc":{"start":{"line":163,"column":4},"end":{"line":223,"column":4}}},"6":{"name":"removeLiquidity","line":235,"loc":{"start":{"line":225,"column":4},"end":{"line":273,"column":4}}},"7":{"name":"removeLiquidityETH","line":284,"loc":{"start":{"line":275,"column":4},"end":{"line":314,"column":4}}},"8":{"name":"removeLiquidityWithPermit","line":316,"loc":{"start":{"line":316,"column":4},"end":{"line":361,"column":4}}},"9":{"name":"removeLiquidityETHWithPermit","line":363,"loc":{"start":{"line":363,"column":4},"end":{"line":406,"column":4}}},"10":{"name":"removeLiquidityETHSupportingFeeOnTransferTokens","line":419,"loc":{"start":{"line":410,"column":4},"end":{"line":446,"column":4}}},"11":{"name":"removeLiquidityETHWithPermitSupportingFeeOnTransferTokens","line":448,"loc":{"start":{"line":448,"column":4},"end":{"line":491,"column":4}}},"12":{"name":"_swap","line":493,"loc":{"start":{"line":493,"column":4},"end":{"line":535,"column":4}}},"13":{"name":"swapExactTokensForTokens","line":545,"loc":{"start":{"line":537,"column":4},"end":{"line":575,"column":4}}},"14":{"name":"swapTokensForExactTokens","line":585,"loc":{"start":{"line":577,"column":4},"end":{"line":615,"column":4}}},"15":{"name":"swapExactETHForTokens","line":625,"loc":{"start":{"line":617,"column":4},"end":{"line":664,"column":4}}},"16":{"name":"swapTokensForExactETH","line":674,"loc":{"start":{"line":666,"column":4},"end":{"line":718,"column":4}}},"17":{"name":"swapExactTokensForETH","line":728,"loc":{"start":{"line":720,"column":4},"end":{"line":772,"column":4}}},"18":{"name":"swapETHForExactTokens","line":782,"loc":{"start":{"line":774,"column":4},"end":{"line":831,"column":4}}},"19":{"name":"_swapSupportingFeeOnTransferTokens","line":835,"loc":{"start":{"line":835,"column":4},"end":{"line":884,"column":4}}},"20":{"name":"swapExactTokensForTokensSupportingFeeOnTransferTokens","line":894,"loc":{"start":{"line":886,"column":4},"end":{"line":918,"column":4}}},"21":{"name":"swapExactETHForTokensSupportingFeeOnTransferTokens","line":928,"loc":{"start":{"line":920,"column":4},"end":{"line":964,"column":4}}},"22":{"name":"swapExactTokensForETHSupportingFeeOnTransferTokens","line":974,"loc":{"start":{"line":966,"column":4},"end":{"line":1014,"column":4}}},"23":{"name":"quote","line":1018,"loc":{"start":{"line":1018,"column":4},"end":{"line":1032,"column":4}}},"24":{"name":"getAmountOut","line":1034,"loc":{"start":{"line":1034,"column":4},"end":{"line":1048,"column":4}}},"25":{"name":"getAmountIn","line":1050,"loc":{"start":{"line":1050,"column":4},"end":{"line":1064,"column":4}}},"26":{"name":"getAmountsOut","line":1066,"loc":{"start":{"line":1066,"column":4},"end":{"line":1079,"column":4}}},"27":{"name":"getAmountsIn","line":1081,"loc":{"start":{"line":1081,"column":4},"end":{"line":1095,"column":4}}},"28":{"name":"pairFor","line":1097,"loc":{"start":{"line":1097,"column":4},"end":{"line":1111,"column":4}}}},"statementMap":{"1":{"start":{"line":21,"column":8},"end":{"line":21,"column":411}},"2":{"start":{"line":32,"column":8},"end":{"line":32,"column":25}},"3":{"start":{"line":33,"column":8},"end":{"line":33,"column":19}},"4":{"start":{"line":57,"column":8},"end":{"line":57,"column":1100}},"5":{"start":{"line":58,"column":12},"end":{"line":58,"column":62}},"6":{"start":{"line":61,"column":8},"end":{"line":61,"column":1257}},"7":{"start":{"line":67,"column":8},"end":{"line":67,"column":1403}},"8":{"start":{"line":68,"column":12},"end":{"line":68,"column":1458}},"9":{"start":{"line":74,"column":8},"end":{"line":74,"column":1562}},"10":{"start":{"line":80,"column":8},"end":{"line":80,"column":1698}},"11":{"start":{"line":81,"column":12},"end":{"line":81,"column":1755}},"12":{"start":{"line":86,"column":12},"end":{"line":86,"column":1880}},"13":{"start":{"line":92,"column":8},"end":{"line":92,"column":1983}},"14":{"start":{"line":98,"column":8},"end":{"line":98,"column":2119}},"15":{"start":{"line":102,"column":8},"end":{"line":102,"column":2193}},"16":{"start":{"line":107,"column":8},"end":{"line":107,"column":2302}},"17":{"start":{"line":131,"column":8},"end":{"line":131,"column":2811}},"18":{"start":{"line":140,"column":8},"end":{"line":140,"column":3017}},"19":{"start":{"line":146,"column":8},"end":{"line":146,"column":3122}},"20":{"start":{"line":153,"column":8},"end":{"line":153,"column":3243}},"21":{"start":{"line":160,"column":8},"end":{"line":160,"column":45}},"22":{"start":{"line":180,"column":8},"end":{"line":180,"column":3814}},"23":{"start":{"line":189,"column":8},"end":{"line":189,"column":4026}},"24":{"start":{"line":195,"column":8},"end":{"line":195,"column":4127}},"25":{"start":{"line":202,"column":8},"end":{"line":202,"column":4253}},"26":{"start":{"line":206,"column":8},"end":{"line":206,"column":4323}},"27":{"start":{"line":213,"column":8},"end":{"line":213,"column":45}},"28":{"start":{"line":215,"column":8},"end":{"line":215,"column":4496}},"29":{"start":{"line":241,"column":8},"end":{"line":241,"column":5066}},"30":{"start":{"line":247,"column":8},"end":{"line":247,"column":5171}},"31":{"start":{"line":253,"column":8},"end":{"line":253,"column":65}},"32":{"start":{"line":255,"column":8},"end":{"line":255,"column":5356}},"33":{"start":{"line":260,"column":8},"end":{"line":260,"column":5484}},"34":{"start":{"line":264,"column":8},"end":{"line":264,"column":5576}},"35":{"start":{"line":269,"column":8},"end":{"line":269,"column":5677}},"36":{"start":{"line":290,"column":8},"end":{"line":290,"column":6124}},"37":{"start":{"line":300,"column":8},"end":{"line":300,"column":6355}},"38":{"start":{"line":306,"column":8},"end":{"line":306,"column":6450}},"39":{"start":{"line":310,"column":8},"end":{"line":310,"column":6514}},"40":{"start":{"line":332,"column":8},"end":{"line":332,"column":6957}},"41":{"start":{"line":338,"column":8},"end":{"line":338,"column":7075}},"42":{"start":{"line":342,"column":8},"end":{"line":342,"column":7141}},"43":{"start":{"line":352,"column":8},"end":{"line":352,"column":7323}},"44":{"start":{"line":378,"column":8},"end":{"line":378,"column":7865}},"45":{"start":{"line":384,"column":8},"end":{"line":384,"column":7980}},"46":{"start":{"line":388,"column":8},"end":{"line":388,"column":8046}},"47":{"start":{"line":398,"column":8},"end":{"line":398,"column":8228}},"48":{"start":{"line":422,"column":8},"end":{"line":422,"column":8791}},"49":{"start":{"line":432,"column":8},"end":{"line":432,"column":9006}},"50":{"start":{"line":438,"column":8},"end":{"line":438,"column":9126}},"51":{"start":{"line":442,"column":8},"end":{"line":442,"column":9190}},"52":{"start":{"line":463,"column":8},"end":{"line":463,"column":9643}},"53":{"start":{"line":469,"column":8},"end":{"line":469,"column":9758}},"54":{"start":{"line":473,"column":8},"end":{"line":473,"column":9824}},"55":{"start":{"line":483,"column":8},"end":{"line":483,"column":10005}},"56":{"start":{"line":500,"column":8},"end":{"line":500,"column":10358}},"57":{"start":{"line":502,"column":12},"end":{"line":502,"column":10418}},"58":{"start":{"line":507,"column":12},"end":{"line":507,"column":10537}},"59":{"start":{"line":512,"column":12},"end":{"line":512,"column":44}},"60":{"start":{"line":514,"column":12},"end":{"line":514,"column":10728}},"61":{"start":{"line":518,"column":12},"end":{"line":518,"column":10856}},"62":{"start":{"line":522,"column":12},"end":{"line":522,"column":10974}},"63":{"start":{"line":548,"column":8},"end":{"line":548,"column":11543}},"64":{"start":{"line":554,"column":8},"end":{"line":554,"column":11661}},"65":{"start":{"line":559,"column":8},"end":{"line":559,"column":11788}},"66":{"start":{"line":570,"column":8},"end":{"line":570,"column":12004}},"67":{"start":{"line":588,"column":8},"end":{"line":588,"column":12361}},"68":{"start":{"line":594,"column":8},"end":{"line":594,"column":12479}},"69":{"start":{"line":599,"column":8},"end":{"line":599,"column":12584}},"70":{"start":{"line":610,"column":8},"end":{"line":610,"column":12800}},"71":{"start":{"line":628,"column":8},"end":{"line":628,"column":13149}},"72":{"start":{"line":633,"column":8},"end":{"line":633,"column":13235}},"73":{"start":{"line":639,"column":8},"end":{"line":639,"column":13355}},"74":{"start":{"line":644,"column":8},"end":{"line":644,"column":13485}},"75":{"start":{"line":648,"column":8},"end":{"line":648,"column":13556}},"76":{"start":{"line":659,"column":8},"end":{"line":659,"column":13791}},"77":{"start":{"line":677,"column":8},"end":{"line":677,"column":14147}},"78":{"start":{"line":682,"column":8},"end":{"line":682,"column":14246}},"79":{"start":{"line":688,"column":8},"end":{"line":688,"column":14364}},"80":{"start":{"line":693,"column":8},"end":{"line":693,"column":14469}},"81":{"start":{"line":704,"column":8},"end":{"line":704,"column":14685}},"82":{"start":{"line":710,"column":8},"end":{"line":710,"column":14777}},"83":{"start":{"line":714,"column":8},"end":{"line":714,"column":14859}},"84":{"start":{"line":731,"column":8},"end":{"line":731,"column":15227}},"85":{"start":{"line":736,"column":8},"end":{"line":736,"column":15326}},"86":{"start":{"line":742,"column":8},"end":{"line":742,"column":15444}},"87":{"start":{"line":747,"column":8},"end":{"line":747,"column":15571}},"88":{"start":{"line":758,"column":8},"end":{"line":758,"column":15787}},"89":{"start":{"line":764,"column":8},"end":{"line":764,"column":15879}},"90":{"start":{"line":768,"column":8},"end":{"line":768,"column":15961}},"91":{"start":{"line":785,"column":8},"end":{"line":785,"column":16305}},"92":{"start":{"line":790,"column":8},"end":{"line":790,"column":16390}},"93":{"start":{"line":796,"column":8},"end":{"line":796,"column":16508}},"94":{"start":{"line":801,"column":8},"end":{"line":801,"column":16613}},"95":{"start":{"line":805,"column":8},"end":{"line":805,"column":16684}},"96":{"start":{"line":816,"column":8},"end":{"line":816,"column":16917}},"97":{"start":{"line":823,"column":8},"end":{"line":823,"column":17033}},"98":{"start":{"line":841,"column":8},"end":{"line":841,"column":17441}},"99":{"start":{"line":843,"column":12},"end":{"line":843,"column":17500}},"100":{"start":{"line":848,"column":12},"end":{"line":848,"column":17617}},"101":{"start":{"line":853,"column":12},"end":{"line":853,"column":17736}},"102":{"start":{"line":861,"column":12},"end":{"line":861,"column":28}},"103":{"start":{"line":862,"column":12},"end":{"line":862,"column":29}},"104":{"start":{"line":865,"column":12},"end":{"line":865,"column":64}},"105":{"start":{"line":867,"column":12},"end":{"line":867,"column":18128}},"106":{"start":{"line":871,"column":12},"end":{"line":871,"column":78}},"107":{"start":{"line":872,"column":12},"end":{"line":872,"column":93}},"108":{"start":{"line":874,"column":12},"end":{"line":874,"column":116}},"109":{"start":{"line":875,"column":12},"end":{"line":875,"column":90}},"110":{"start":{"line":877,"column":12},"end":{"line":877,"column":18654}},"111":{"start":{"line":896,"column":8},"end":{"line":896,"column":19062}},"112":{"start":{"line":907,"column":8},"end":{"line":907,"column":75}},"113":{"start":{"line":909,"column":8},"end":{"line":909,"column":19354}},"114":{"start":{"line":914,"column":8},"end":{"line":914,"column":19443}},"115":{"start":{"line":930,"column":8},"end":{"line":930,"column":19851}},"116":{"start":{"line":935,"column":8},"end":{"line":935,"column":36}},"117":{"start":{"line":937,"column":8},"end":{"line":937,"column":19977}},"118":{"start":{"line":941,"column":8},"end":{"line":941,"column":20046}},"119":{"start":{"line":953,"column":8},"end":{"line":953,"column":75}},"120":{"start":{"line":955,"column":8},"end":{"line":955,"column":20380}},"121":{"start":{"line":960,"column":8},"end":{"line":960,"column":20469}},"122":{"start":{"line":976,"column":8},"end":{"line":976,"column":20887}},"123":{"start":{"line":981,"column":8},"end":{"line":981,"column":20986}},"124":{"start":{"line":992,"column":8},"end":{"line":992,"column":21200}},"125":{"start":{"line":997,"column":8},"end":{"line":997,"column":21301}},"126":{"start":{"line":1001,"column":8},"end":{"line":1001,"column":21390}},"127":{"start":{"line":1006,"column":8},"end":{"line":1006,"column":21499}},"128":{"start":{"line":1010,"column":8},"end":{"line":1010,"column":21563}},"129":{"start":{"line":1027,"column":8},"end":{"line":1027,"column":21846}},"130":{"start":{"line":1043,"column":8},"end":{"line":1043,"column":22142}},"131":{"start":{"line":1059,"column":8},"end":{"line":1059,"column":22449}},"132":{"start":{"line":1074,"column":8},"end":{"line":1074,"column":22741}},"133":{"start":{"line":1090,"column":8},"end":{"line":1090,"column":23031}},"134":{"start":{"line":1106,"column":8},"end":{"line":1106,"column":23315}}},"branchMap":{"1":{"line":21,"type":"if","locations":[{"start":{"line":21,"column":8},"end":{"line":21,"column":8}},{"start":{"line":21,"column":8},"end":{"line":21,"column":8}}]},"2":{"line":40,"type":"if","locations":[{"start":{"line":40,"column":8},"end":{"line":40,"column":8}},{"start":{"line":40,"column":8},"end":{"line":40,"column":8}}]},"3":{"line":57,"type":"if","locations":[{"start":{"line":57,"column":8},"end":{"line":57,"column":8}},{"start":{"line":57,"column":8},"end":{"line":57,"column":8}}]},"4":{"line":67,"type":"if","locations":[{"start":{"line":67,"column":8},"end":{"line":67,"column":8}},{"start":{"line":67,"column":8},"end":{"line":67,"column":8}}]},"5":{"line":80,"type":"if","locations":[{"start":{"line":80,"column":8},"end":{"line":80,"column":8}},{"start":{"line":80,"column":8},"end":{"line":80,"column":8}}]},"6":{"line":81,"type":"if","locations":[{"start":{"line":81,"column":12},"end":{"line":81,"column":12}},{"start":{"line":81,"column":12},"end":{"line":81,"column":12}}]},"7":{"line":102,"type":"if","locations":[{"start":{"line":102,"column":8},"end":{"line":102,"column":8}},{"start":{"line":102,"column":8},"end":{"line":102,"column":8}}]},"8":{"line":215,"type":"if","locations":[{"start":{"line":215,"column":8},"end":{"line":215,"column":8}},{"start":{"line":215,"column":8},"end":{"line":215,"column":8}}]},"9":{"line":264,"type":"if","locations":[{"start":{"line":264,"column":8},"end":{"line":264,"column":8}},{"start":{"line":264,"column":8},"end":{"line":264,"column":8}}]},"10":{"line":269,"type":"if","locations":[{"start":{"line":269,"column":8},"end":{"line":269,"column":8}},{"start":{"line":269,"column":8},"end":{"line":269,"column":8}}]},"11":{"line":554,"type":"if","locations":[{"start":{"line":554,"column":8},"end":{"line":554,"column":8}},{"start":{"line":554,"column":8},"end":{"line":554,"column":8}}]},"12":{"line":594,"type":"if","locations":[{"start":{"line":594,"column":8},"end":{"line":594,"column":8}},{"start":{"line":594,"column":8},"end":{"line":594,"column":8}}]},"13":{"line":628,"type":"if","locations":[{"start":{"line":628,"column":8},"end":{"line":628,"column":8}},{"start":{"line":628,"column":8},"end":{"line":628,"column":8}}]},"14":{"line":639,"type":"if","locations":[{"start":{"line":639,"column":8},"end":{"line":639,"column":8}},{"start":{"line":639,"column":8},"end":{"line":639,"column":8}}]},"15":{"line":677,"type":"if","locations":[{"start":{"line":677,"column":8},"end":{"line":677,"column":8}},{"start":{"line":677,"column":8},"end":{"line":677,"column":8}}]},"16":{"line":688,"type":"if","locations":[{"start":{"line":688,"column":8},"end":{"line":688,"column":8}},{"start":{"line":688,"column":8},"end":{"line":688,"column":8}}]},"17":{"line":731,"type":"if","locations":[{"start":{"line":731,"column":8},"end":{"line":731,"column":8}},{"start":{"line":731,"column":8},"end":{"line":731,"column":8}}]},"18":{"line":742,"type":"if","locations":[{"start":{"line":742,"column":8},"end":{"line":742,"column":8}},{"start":{"line":742,"column":8},"end":{"line":742,"column":8}}]},"19":{"line":785,"type":"if","locations":[{"start":{"line":785,"column":8},"end":{"line":785,"column":8}},{"start":{"line":785,"column":8},"end":{"line":785,"column":8}}]},"20":{"line":796,"type":"if","locations":[{"start":{"line":796,"column":8},"end":{"line":796,"column":8}},{"start":{"line":796,"column":8},"end":{"line":796,"column":8}}]},"21":{"line":823,"type":"if","locations":[{"start":{"line":823,"column":8},"end":{"line":823,"column":8}},{"start":{"line":823,"column":8},"end":{"line":823,"column":8}}]},"22":{"line":914,"type":"if","locations":[{"start":{"line":914,"column":8},"end":{"line":914,"column":8}},{"start":{"line":914,"column":8},"end":{"line":914,"column":8}}]},"23":{"line":930,"type":"if","locations":[{"start":{"line":930,"column":8},"end":{"line":930,"column":8}},{"start":{"line":930,"column":8},"end":{"line":930,"column":8}}]},"24":{"line":960,"type":"if","locations":[{"start":{"line":960,"column":8},"end":{"line":960,"column":8}},{"start":{"line":960,"column":8},"end":{"line":960,"column":8}}]},"25":{"line":976,"type":"if","locations":[{"start":{"line":976,"column":8},"end":{"line":976,"column":8}},{"start":{"line":976,"column":8},"end":{"line":976,"column":8}}]},"26":{"line":1001,"type":"if","locations":[{"start":{"line":1001,"column":8},"end":{"line":1001,"column":8}},{"start":{"line":1001,"column":8},"end":{"line":1001,"column":8}}]}}},"contracts/Token.sol":{"l":{"31":4,"32":4,"40":0,"48":0,"56":0,"64":0,"74":48,"84":12,"90":12,"100":30,"103":30,"106":30,"121":18,"127":18,"133":18,"144":0,"154":14,"160":14,"170":32,"172":32,"184":0,"187":0,"190":0,"202":62,"203":0,"204":0,"205":0,"210":62,"212":62},"path":"/Users/vm06007/Development/bitcoincom-solidity-swap/contracts/Token.sol","s":{"1":4,"2":4,"3":0,"4":0,"5":0,"6":0,"7":48,"8":12,"9":12,"10":30,"11":30,"12":30,"13":18,"14":18,"15":18,"16":0,"17":14,"18":14,"19":32,"20":32,"21":0,"22":0,"23":0,"24":62,"25":0,"26":0,"27":62,"28":62},"b":{"1":[0,62]},"f":{"1":4,"2":0,"3":0,"4":0,"5":0,"6":48,"7":12,"8":30,"9":18,"10":0,"11":14,"12":32,"13":0,"14":62},"fnMap":{"1":{"name":"constructor","line":30,"loc":{"start":{"line":30,"column":4},"end":{"line":33,"column":4}}},"2":{"name":"name","line":35,"loc":{"start":{"line":35,"column":4},"end":{"line":41,"column":4}}},"3":{"name":"symbol","line":43,"loc":{"start":{"line":43,"column":4},"end":{"line":49,"column":4}}},"4":{"name":"decimals","line":51,"loc":{"start":{"line":51,"column":4},"end":{"line":57,"column":4}}},"5":{"name":"totalSupply","line":59,"loc":{"start":{"line":59,"column":4},"end":{"line":65,"column":4}}},"6":{"name":"balanceOf","line":67,"loc":{"start":{"line":67,"column":4},"end":{"line":75,"column":4}}},"7":{"name":"transfer","line":77,"loc":{"start":{"line":77,"column":4},"end":{"line":91,"column":4}}},"8":{"name":"_transfer","line":93,"loc":{"start":{"line":93,"column":4},"end":{"line":111,"column":4}}},"9":{"name":"transferFrom","line":113,"loc":{"start":{"line":113,"column":4},"end":{"line":134,"column":4}}},"10":{"name":"allowance","line":136,"loc":{"start":{"line":136,"column":4},"end":{"line":145,"column":4}}},"11":{"name":"approve","line":147,"loc":{"start":{"line":147,"column":4},"end":{"line":161,"column":4}}},"12":{"name":"_approve","line":163,"loc":{"start":{"line":163,"column":4},"end":{"line":177,"column":4}}},"13":{"name":"burn","line":179,"loc":{"start":{"line":179,"column":4},"end":{"line":195,"column":4}}},"14":{"name":"_msgSender","line":197,"loc":{"start":{"line":197,"column":4},"end":{"line":213,"column":4}}}},"statementMap":{"1":{"start":{"line":31,"column":8},"end":{"line":31,"column":56}},"2":{"start":{"line":32,"column":8},"end":{"line":32,"column":43}},"3":{"start":{"line":40,"column":8},"end":{"line":40,"column":20}},"4":{"start":{"line":48,"column":8},"end":{"line":48,"column":22}},"5":{"start":{"line":56,"column":8},"end":{"line":56,"column":24}},"6":{"start":{"line":64,"column":8},"end":{"line":64,"column":27}},"7":{"start":{"line":74,"column":8},"end":{"line":74,"column":34}},"8":{"start":{"line":84,"column":8},"end":{"line":84,"column":1513}},"9":{"start":{"line":90,"column":8},"end":{"line":90,"column":19}},"10":{"start":{"line":100,"column":8},"end":{"line":100,"column":1799}},"11":{"start":{"line":103,"column":8},"end":{"line":103,"column":1870}},"12":{"start":{"line":106,"column":8},"end":{"line":106,"column":1915}},"13":{"start":{"line":121,"column":8},"end":{"line":121,"column":2176}},"14":{"start":{"line":127,"column":8},"end":{"line":127,"column":2310}},"15":{"start":{"line":133,"column":8},"end":{"line":133,"column":19}},"16":{"start":{"line":144,"column":8},"end":{"line":144,"column":44}},"17":{"start":{"line":154,"column":8},"end":{"line":154,"column":2752}},"18":{"start":{"line":160,"column":8},"end":{"line":160,"column":19}},"19":{"start":{"line":170,"column":8},"end":{"line":170,"column":46}},"20":{"start":{"line":172,"column":8},"end":{"line":172,"column":3055}},"21":{"start":{"line":184,"column":8},"end":{"line":184,"column":3261}},"22":{"start":{"line":187,"column":8},"end":{"line":187,"column":3328}},"23":{"start":{"line":190,"column":8},"end":{"line":190,"column":3364}},"24":{"start":{"line":202,"column":8},"end":{"line":202,"column":3570}},"25":{"start":{"line":203,"column":12},"end":{"line":203,"column":41}},"26":{"start":{"line":204,"column":12},"end":{"line":204,"column":43}},"27":{"start":{"line":210,"column":12},"end":{"line":210,"column":30}},"28":{"start":{"line":212,"column":8},"end":{"line":212,"column":21}}},"branchMap":{"1":{"line":202,"type":"if","locations":[{"start":{"line":202,"column":8},"end":{"line":202,"column":8}},{"start":{"line":202,"column":8},"end":{"line":202,"column":8}}]}}},"contracts/TransferHelper.sol":{"l":{"9":0,"10":0,"15":2,"16":2,"21":18,"22":18,"26":4,"27":4},"path":"/Users/vm06007/Development/bitcoincom-solidity-swap/contracts/TransferHelper.sol","s":{"1":0,"2":0,"3":2,"4":2,"5":18,"6":18,"7":4,"8":4},"b":{"1":[0,0],"2":[2,0],"3":[18,0],"4":[4,0]},"f":{"1":0,"2":2,"3":18,"4":4},"fnMap":{"1":{"name":"safeApprove","line":7,"loc":{"start":{"line":7,"column":0},"end":{"line":11,"column":0}}},"2":{"name":"safeTransfer","line":13,"loc":{"start":{"line":13,"column":0},"end":{"line":17,"column":0}}},"3":{"name":"safeTransferFrom","line":19,"loc":{"start":{"line":19,"column":0},"end":{"line":23,"column":0}}},"4":{"name":"safeTransferETH","line":25,"loc":{"start":{"line":25,"column":0},"end":{"line":28,"column":0}}}},"statementMap":{"1":{"start":{"line":9,"column":4},"end":{"line":9,"column":97}},"2":{"start":{"line":10,"column":4},"end":{"line":10,"column":87}},"3":{"start":{"line":15,"column":4},"end":{"line":15,"column":97}},"4":{"start":{"line":16,"column":4},"end":{"line":16,"column":88}},"5":{"start":{"line":21,"column":4},"end":{"line":21,"column":103}},"6":{"start":{"line":22,"column":4},"end":{"line":22,"column":93}},"7":{"start":{"line":26,"column":4},"end":{"line":26,"column":56}},"8":{"start":{"line":27,"column":4},"end":{"line":27,"column":42}}},"branchMap":{"1":{"line":10,"type":"if","locations":[{"start":{"line":10,"column":4},"end":{"line":10,"column":4}},{"start":{"line":10,"column":4},"end":{"line":10,"column":4}}]},"2":{"line":16,"type":"if","locations":[{"start":{"line":16,"column":4},"end":{"line":16,"column":4}},{"start":{"line":16,"column":4},"end":{"line":16,"column":4}}]},"3":{"line":22,"type":"if","locations":[{"start":{"line":22,"column":4},"end":{"line":22,"column":4}},{"start":{"line":22,"column":4},"end":{"line":22,"column":4}}]},"4":{"line":27,"type":"if","locations":[{"start":{"line":27,"column":4},"end":{"line":27,"column":4}},{"start":{"line":27,"column":4},"end":{"line":27,"column":4}}]}}},"contracts/WrappedEther.sol":{"l":{"40":3,"47":13,"50":13,"61":4,"64":4,"66":4,"77":1,"87":0,"88":0,"89":0,"99":12,"102":12,"105":12,"111":12,"122":0,"125":0,"128":0,"131":0,"137":0},"path":"/Users/vm06007/Development/bitcoincom-solidity-swap/contracts/WrappedEther.sol","s":{"1":13,"2":13,"3":4,"4":4,"5":4,"6":1,"7":0,"8":0,"9":0,"10":12,"11":12,"12":12,"13":12,"14":0,"15":0,"16":0,"17":0,"18":0},"b":{},"f":{"1":13,"2":4,"3":1,"4":0,"5":12,"6":0},"fnMap":{"1":{"name":"deposit","line":43,"loc":{"start":{"line":43,"column":4},"end":{"line":54,"column":4}}},"2":{"name":"withdraw","line":56,"loc":{"start":{"line":56,"column":4},"end":{"line":70,"column":4}}},"3":{"name":"totalSupply","line":72,"loc":{"start":{"line":72,"column":4},"end":{"line":78,"column":4}}},"4":{"name":"approve","line":80,"loc":{"start":{"line":80,"column":4},"end":{"line":90,"column":4}}},"5":{"name":"transfer","line":92,"loc":{"start":{"line":92,"column":4},"end":{"line":112,"column":4}}},"6":{"name":"transferFrom","line":114,"loc":{"start":{"line":114,"column":4},"end":{"line":138,"column":4}}}},"statementMap":{"1":{"start":{"line":47,"column":8},"end":{"line":47,"column":1018}},"2":{"start":{"line":50,"column":8},"end":{"line":50,"column":1063}},"3":{"start":{"line":61,"column":8},"end":{"line":61,"column":1246}},"4":{"start":{"line":64,"column":8},"end":{"line":64,"column":41}},"5":{"start":{"line":66,"column":8},"end":{"line":66,"column":1336}},"6":{"start":{"line":77,"column":8},"end":{"line":77,"column":36}},"7":{"start":{"line":87,"column":8},"end":{"line":87,"column":41}},"8":{"start":{"line":88,"column":8},"end":{"line":88,"column":45}},"9":{"start":{"line":89,"column":8},"end":{"line":89,"column":19}},"10":{"start":{"line":99,"column":8},"end":{"line":99,"column":1930}},"11":{"start":{"line":102,"column":8},"end":{"line":102,"column":1995}},"12":{"start":{"line":105,"column":8},"end":{"line":105,"column":2034}},"13":{"start":{"line":111,"column":8},"end":{"line":111,"column":19}},"14":{"start":{"line":122,"column":8},"end":{"line":122,"column":2332}},"15":{"start":{"line":125,"column":8},"end":{"line":125,"column":2403}},"16":{"start":{"line":128,"column":8},"end":{"line":128,"column":2462}},"17":{"start":{"line":131,"column":8},"end":{"line":131,"column":2501}},"18":{"start":{"line":137,"column":8},"end":{"line":137,"column":19}}},"branchMap":{}}}