{"contracts/Interfaces.sol":{"l":{},"path":"/Users/vm06007/Development/bitcoincom-solidity-swap/contracts/Interfaces.sol","s":{},"b":{},"f":{},"fnMap":{},"statementMap":{},"branchMap":{}},"contracts/SwapsFactory.sol":{"l":{"28":0,"29":0,"41":0,"42":0,"43":0,"47":0,"48":0,"49":0,"53":0,"54":0,"58":0,"59":0,"60":0,"64":0,"65":0,"69":0,"70":0,"75":0,"78":0,"80":0,"84":0,"85":0,"92":0,"93":0,"94":0,"123":0,"124":0,"125":0,"126":0,"130":0,"131":0,"132":0,"136":0,"137":0,"168":0,"178":0,"183":0,"184":0,"189":0,"190":0,"191":0,"192":0,"194":0,"195":0,"197":0,"198":0,"199":0,"200":0,"205":0,"206":0,"207":0,"208":0,"209":0,"210":0,"211":0,"212":0,"213":0,"214":0,"215":0,"216":0,"220":0,"226":0,"227":0,"228":0,"229":0,"230":0,"232":0,"233":0,"234":0,"235":0,"236":0,"238":0,"240":0,"241":0,"243":0,"244":0,"245":0,"250":0,"251":0,"252":0,"253":0,"254":0,"255":0,"257":0,"258":0,"259":0,"260":0,"261":0,"262":0,"263":0,"264":0,"265":0,"266":0,"268":0,"269":0,"270":0,"275":0,"276":0,"277":0,"279":0,"280":0,"281":0,"282":0,"283":0,"284":0,"285":0,"286":0,"287":0,"288":0,"289":0,"291":0,"292":0,"293":0,"294":0,"295":0,"296":0,"297":0,"300":0,"301":0,"305":0,"306":0,"307":0,"308":0,"312":0,"326":1,"330":0,"334":0,"338":0,"339":0,"340":0,"341":0,"342":0,"343":0,"344":0,"347":0,"348":0,"349":0,"350":0,"351":0,"355":0,"356":0,"360":0,"361":0,"367":0,"371":0,"375":0,"389":0,"399":0,"423":0,"435":0},"path":"/Users/vm06007/Development/bitcoincom-solidity-swap/contracts/SwapsFactory.sol","s":{"1":0,"2":0,"3":0,"4":0,"5":0,"6":0,"7":0,"8":0,"9":0,"10":0,"11":0,"12":0,"13":0,"14":0,"15":0,"16":0,"17":0,"18":0,"19":0,"20":0,"21":0,"22":0,"23":0,"24":0,"25":0,"26":0,"27":0,"28":0,"29":0,"30":0,"31":0,"32":0,"33":0,"34":0,"35":0,"36":0,"37":0,"38":0,"39":0,"40":0,"41":0,"42":0,"43":0,"44":0,"45":0,"46":0,"47":0,"48":0,"49":0,"50":0,"51":0,"52":0,"53":0,"54":0,"55":0,"56":0,"57":0,"58":0,"59":0,"60":0,"61":0,"62":0,"63":0,"64":0,"65":0,"66":0,"67":0,"68":0,"69":0,"70":0,"71":0,"72":0,"73":0,"74":0,"75":0,"76":0,"77":0,"78":0,"79":0,"80":0,"81":0,"82":0,"83":0,"84":0,"85":0,"86":0,"87":0,"88":0,"89":0,"90":0,"91":0,"92":0,"93":0,"94":0,"95":0,"96":0,"97":0,"98":0,"99":0,"100":0,"101":0,"102":0,"103":0,"104":0,"105":0,"106":0,"107":0,"108":0,"109":0,"110":0,"111":0,"112":0,"113":0,"114":0,"115":0,"116":0,"117":0,"118":0,"119":0,"120":0,"121":0,"122":0,"123":0,"124":0,"125":0,"126":0,"127":0,"128":0,"129":1,"130":0,"131":0,"132":0,"133":0,"134":0,"135":0,"136":0,"137":0,"138":0,"139":0,"140":0,"141":0,"142":0,"143":0,"144":0,"145":0,"146":0,"147":0,"148":0,"149":0,"150":0},"b":{"1":[0,0],"2":[0,0],"3":[0,0],"4":[0,0],"5":[0,0],"6":[0,0],"7":[0,0],"8":[0,0],"9":[0,0],"10":[0,0],"11":[0,0],"12":[0,0],"13":[0,0],"14":[0,0],"15":[0,0],"16":[0,0],"17":[0,0],"18":[0,0],"19":[0,0],"20":[0,0],"21":[0,0],"22":[0,0],"23":[0,0],"24":[0,0],"25":[0,0],"26":[0,0],"27":[0,0],"28":[0,0],"29":[0,0],"30":[0,0],"31":[0,0],"32":[0,0],"33":[0,0]},"f":{"1":0,"2":0,"3":0,"4":0,"5":0,"6":0,"7":0,"8":0,"9":0,"10":0,"11":0,"12":0,"13":0,"14":0,"15":0,"16":0,"17":0,"18":0,"19":0,"20":0,"21":0,"22":1,"23":0,"24":0,"25":0,"26":0,"27":0,"28":0,"29":0,"30":0,"31":0,"32":0,"33":0,"34":0},"fnMap":{"1":{"name":"constructor","line":27,"loc":{"start":{"line":27,"column":4},"end":{"line":38,"column":4}}},"2":{"name":"_mint","line":40,"loc":{"start":{"line":40,"column":4},"end":{"line":44,"column":4}}},"3":{"name":"_burn","line":46,"loc":{"start":{"line":46,"column":4},"end":{"line":50,"column":4}}},"4":{"name":"_approve","line":52,"loc":{"start":{"line":52,"column":4},"end":{"line":55,"column":4}}},"5":{"name":"_transfer","line":57,"loc":{"start":{"line":57,"column":4},"end":{"line":61,"column":4}}},"6":{"name":"approve","line":63,"loc":{"start":{"line":63,"column":4},"end":{"line":66,"column":4}}},"7":{"name":"transfer","line":68,"loc":{"start":{"line":68,"column":4},"end":{"line":71,"column":4}}},"8":{"name":"transferFrom","line":73,"loc":{"start":{"line":73,"column":4},"end":{"line":81,"column":4}}},"9":{"name":"permit","line":83,"loc":{"start":{"line":83,"column":4},"end":{"line":95,"column":4}}},"10":{"name":"lock","line":122,"loc":{"start":{"line":122,"column":4},"end":{"line":127,"column":4}}},"11":{"name":"getReserves","line":129,"loc":{"start":{"line":129,"column":4},"end":{"line":133,"column":4}}},"12":{"name":"_safeTransfer","line":135,"loc":{"start":{"line":135,"column":4},"end":{"line":138,"column":4}}},"13":{"name":"constructor","line":167,"loc":{"start":{"line":167,"column":4},"end":{"line":169,"column":4}}},"14":{"name":"initialize","line":172,"loc":{"start":{"line":172,"column":4},"end":{"line":185,"column":4}}},"15":{"name":"_update","line":188,"loc":{"start":{"line":188,"column":4},"end":{"line":201,"column":4}}},"16":{"name":"_mintFee","line":204,"loc":{"start":{"line":204,"column":4},"end":{"line":222,"column":4}}},"17":{"name":"mint","line":225,"loc":{"start":{"line":225,"column":4},"end":{"line":246,"column":4}}},"18":{"name":"burn","line":249,"loc":{"start":{"line":249,"column":4},"end":{"line":271,"column":4}}},"19":{"name":"swap","line":274,"loc":{"start":{"line":274,"column":4},"end":{"line":302,"column":4}}},"20":{"name":"skim","line":304,"loc":{"start":{"line":304,"column":4},"end":{"line":309,"column":4}}},"21":{"name":"sync","line":311,"loc":{"start":{"line":311,"column":4},"end":{"line":313,"column":4}}},"22":{"name":"constructor","line":325,"loc":{"start":{"line":325,"column":4},"end":{"line":327,"column":4}}},"23":{"name":"allPairsLength","line":329,"loc":{"start":{"line":329,"column":4},"end":{"line":331,"column":4}}},"24":{"name":"pairCodeHash","line":333,"loc":{"start":{"line":333,"column":4},"end":{"line":335,"column":4}}},"25":{"name":"createPair","line":337,"loc":{"start":{"line":337,"column":4},"end":{"line":352,"column":4}}},"26":{"name":"setFeeTo","line":354,"loc":{"start":{"line":354,"column":4},"end":{"line":357,"column":4}}},"27":{"name":"setFeeToSetter","line":359,"loc":{"start":{"line":359,"column":4},"end":{"line":362,"column":4}}},"28":{"name":"add","line":366,"loc":{"start":{"line":366,"column":4},"end":{"line":368,"column":4}}},"29":{"name":"sub","line":370,"loc":{"start":{"line":370,"column":4},"end":{"line":372,"column":4}}},"30":{"name":"mul","line":374,"loc":{"start":{"line":374,"column":4},"end":{"line":376,"column":4}}},"31":{"name":"min","line":381,"loc":{"start":{"line":381,"column":4},"end":{"line":390,"column":4}}},"32":{"name":"sqrt","line":392,"loc":{"start":{"line":392,"column":4},"end":{"line":411,"column":4}}},"33":{"name":"encode","line":417,"loc":{"start":{"line":417,"column":0},"end":{"line":426,"column":0}}},"34":{"name":"uqdiv","line":428,"loc":{"start":{"line":428,"column":0},"end":{"line":438,"column":0}}}},"statementMap":{"1":{"start":{"line":28,"column":8},"end":{"line":28,"column":36}},"2":{"start":{"line":29,"column":8},"end":{"line":29,"column":981}},"3":{"start":{"line":41,"column":8},"end":{"line":41,"column":43}},"4":{"start":{"line":42,"column":8},"end":{"line":42,"column":47}},"5":{"start":{"line":43,"column":8},"end":{"line":43,"column":44}},"6":{"start":{"line":47,"column":8},"end":{"line":47,"column":51}},"7":{"start":{"line":48,"column":8},"end":{"line":48,"column":43}},"8":{"start":{"line":49,"column":8},"end":{"line":49,"column":46}},"9":{"start":{"line":53,"column":8},"end":{"line":53,"column":40}},"10":{"start":{"line":54,"column":8},"end":{"line":54,"column":44}},"11":{"start":{"line":58,"column":8},"end":{"line":58,"column":51}},"12":{"start":{"line":59,"column":8},"end":{"line":59,"column":47}},"13":{"start":{"line":60,"column":8},"end":{"line":60,"column":38}},"14":{"start":{"line":64,"column":8},"end":{"line":64,"column":43}},"15":{"start":{"line":65,"column":8},"end":{"line":65,"column":19}},"16":{"start":{"line":69,"column":8},"end":{"line":69,"column":39}},"17":{"start":{"line":70,"column":8},"end":{"line":70,"column":19}},"18":{"start":{"line":75,"column":8},"end":{"line":75,"column":2550}},"19":{"start":{"line":78,"column":8},"end":{"line":78,"column":33}},"20":{"start":{"line":80,"column":8},"end":{"line":80,"column":19}},"21":{"start":{"line":84,"column":8},"end":{"line":84,"column":65}},"22":{"start":{"line":85,"column":8},"end":{"line":85,"column":2855}},"23":{"start":{"line":92,"column":8},"end":{"line":92,"column":61}},"24":{"start":{"line":93,"column":8},"end":{"line":93,"column":107}},"25":{"start":{"line":94,"column":8},"end":{"line":94,"column":38}},"26":{"start":{"line":123,"column":8},"end":{"line":123,"column":50}},"27":{"start":{"line":124,"column":8},"end":{"line":124,"column":19}},"28":{"start":{"line":126,"column":8},"end":{"line":126,"column":19}},"29":{"start":{"line":130,"column":8},"end":{"line":130,"column":27}},"30":{"start":{"line":131,"column":8},"end":{"line":131,"column":27}},"31":{"start":{"line":132,"column":8},"end":{"line":132,"column":47}},"32":{"start":{"line":136,"column":8},"end":{"line":136,"column":99}},"33":{"start":{"line":137,"column":8},"end":{"line":137,"column":103}},"34":{"start":{"line":168,"column":8},"end":{"line":168,"column":27}},"35":{"start":{"line":178,"column":8},"end":{"line":178,"column":5358}},"36":{"start":{"line":183,"column":8},"end":{"line":183,"column":23}},"37":{"start":{"line":184,"column":8},"end":{"line":184,"column":23}},"38":{"start":{"line":189,"column":8},"end":{"line":189,"column":83}},"39":{"start":{"line":190,"column":8},"end":{"line":190,"column":63}},"40":{"start":{"line":191,"column":8},"end":{"line":191,"column":64}},"41":{"start":{"line":192,"column":8},"end":{"line":192,"column":5931}},"42":{"start":{"line":194,"column":12},"end":{"line":194,"column":90}},"43":{"start":{"line":195,"column":12},"end":{"line":195,"column":90}},"44":{"start":{"line":197,"column":8},"end":{"line":197,"column":35}},"45":{"start":{"line":198,"column":8},"end":{"line":198,"column":35}},"46":{"start":{"line":199,"column":8},"end":{"line":199,"column":42}},"47":{"start":{"line":200,"column":8},"end":{"line":200,"column":37}},"48":{"start":{"line":205,"column":8},"end":{"line":205,"column":58}},"49":{"start":{"line":206,"column":8},"end":{"line":206,"column":34}},"50":{"start":{"line":207,"column":8},"end":{"line":207,"column":27}},"51":{"start":{"line":208,"column":8},"end":{"line":208,"column":6734}},"52":{"start":{"line":209,"column":12},"end":{"line":209,"column":6763}},"53":{"start":{"line":210,"column":16},"end":{"line":210,"column":70}},"54":{"start":{"line":211,"column":16},"end":{"line":211,"column":50}},"55":{"start":{"line":212,"column":16},"end":{"line":212,"column":6926}},"56":{"start":{"line":213,"column":20},"end":{"line":213,"column":74}},"57":{"start":{"line":214,"column":20},"end":{"line":214,"column":66}},"58":{"start":{"line":215,"column":20},"end":{"line":215,"column":60}},"59":{"start":{"line":216,"column":20},"end":{"line":216,"column":62}},"60":{"start":{"line":216,"column":39},"end":{"line":216,"column":61}},"61":{"start":{"line":219,"column":15},"end":{"line":219,"column":7260}},"62":{"start":{"line":220,"column":12},"end":{"line":220,"column":20}},"63":{"start":{"line":226,"column":8},"end":{"line":226,"column":63}},"64":{"start":{"line":227,"column":8},"end":{"line":227,"column":63}},"65":{"start":{"line":228,"column":8},"end":{"line":228,"column":63}},"66":{"start":{"line":229,"column":8},"end":{"line":229,"column":46}},"67":{"start":{"line":230,"column":8},"end":{"line":230,"column":46}},"68":{"start":{"line":232,"column":8},"end":{"line":232,"column":51}},"69":{"start":{"line":233,"column":8},"end":{"line":233,"column":39}},"70":{"start":{"line":234,"column":8},"end":{"line":234,"column":7980}},"71":{"start":{"line":235,"column":12},"end":{"line":235,"column":77}},"72":{"start":{"line":236,"column":11},"end":{"line":236,"column":46}},"73":{"start":{"line":238,"column":12},"end":{"line":238,"column":109}},"74":{"start":{"line":240,"column":8},"end":{"line":240,"column":73}},"75":{"start":{"line":241,"column":8},"end":{"line":241,"column":27}},"76":{"start":{"line":243,"column":8},"end":{"line":243,"column":56}},"77":{"start":{"line":244,"column":8},"end":{"line":244,"column":55}},"78":{"start":{"line":244,"column":19},"end":{"line":244,"column":54}},"79":{"start":{"line":245,"column":8},"end":{"line":245,"column":47}},"80":{"start":{"line":250,"column":8},"end":{"line":250,"column":63}},"81":{"start":{"line":251,"column":8},"end":{"line":251,"column":32}},"82":{"start":{"line":252,"column":8},"end":{"line":252,"column":32}},"83":{"start":{"line":253,"column":8},"end":{"line":253,"column":64}},"84":{"start":{"line":254,"column":8},"end":{"line":254,"column":64}},"85":{"start":{"line":255,"column":8},"end":{"line":255,"column":49}},"86":{"start":{"line":257,"column":8},"end":{"line":257,"column":51}},"87":{"start":{"line":258,"column":8},"end":{"line":258,"column":39}},"88":{"start":{"line":259,"column":8},"end":{"line":259,"column":55}},"89":{"start":{"line":260,"column":8},"end":{"line":260,"column":55}},"90":{"start":{"line":261,"column":8},"end":{"line":261,"column":86}},"91":{"start":{"line":262,"column":8},"end":{"line":262,"column":38}},"92":{"start":{"line":263,"column":8},"end":{"line":263,"column":42}},"93":{"start":{"line":264,"column":8},"end":{"line":264,"column":42}},"94":{"start":{"line":265,"column":8},"end":{"line":265,"column":58}},"95":{"start":{"line":266,"column":8},"end":{"line":266,"column":58}},"96":{"start":{"line":268,"column":8},"end":{"line":268,"column":56}},"97":{"start":{"line":269,"column":8},"end":{"line":269,"column":55}},"98":{"start":{"line":269,"column":19},"end":{"line":269,"column":54}},"99":{"start":{"line":270,"column":8},"end":{"line":270,"column":51}},"100":{"start":{"line":275,"column":8},"end":{"line":275,"column":89}},"101":{"start":{"line":276,"column":8},"end":{"line":276,"column":63}},"102":{"start":{"line":277,"column":8},"end":{"line":277,"column":101}},"103":{"start":{"line":279,"column":8},"end":{"line":279,"column":21}},"104":{"start":{"line":280,"column":8},"end":{"line":280,"column":21}},"105":{"start":{"line":282,"column":8},"end":{"line":282,"column":32}},"106":{"start":{"line":283,"column":8},"end":{"line":283,"column":32}},"107":{"start":{"line":284,"column":8},"end":{"line":284,"column":71}},"108":{"start":{"line":285,"column":8},"end":{"line":285,"column":66}},"109":{"start":{"line":285,"column":28},"end":{"line":285,"column":65}},"110":{"start":{"line":286,"column":8},"end":{"line":286,"column":66}},"111":{"start":{"line":286,"column":28},"end":{"line":286,"column":65}},"112":{"start":{"line":287,"column":8},"end":{"line":287,"column":105}},"113":{"start":{"line":287,"column":29},"end":{"line":287,"column":104}},"114":{"start":{"line":288,"column":8},"end":{"line":288,"column":58}},"115":{"start":{"line":289,"column":8},"end":{"line":289,"column":58}},"116":{"start":{"line":291,"column":8},"end":{"line":291,"column":100}},"117":{"start":{"line":292,"column":8},"end":{"line":292,"column":100}},"118":{"start":{"line":293,"column":8},"end":{"line":293,"column":86}},"119":{"start":{"line":295,"column":8},"end":{"line":295,"column":72}},"120":{"start":{"line":296,"column":8},"end":{"line":296,"column":72}},"121":{"start":{"line":297,"column":8},"end":{"line":297,"column":117}},"122":{"start":{"line":300,"column":8},"end":{"line":300,"column":56}},"123":{"start":{"line":301,"column":8},"end":{"line":301,"column":79}},"124":{"start":{"line":305,"column":8},"end":{"line":305,"column":32}},"125":{"start":{"line":306,"column":8},"end":{"line":306,"column":32}},"126":{"start":{"line":307,"column":8},"end":{"line":307,"column":89}},"127":{"start":{"line":308,"column":8},"end":{"line":308,"column":89}},"128":{"start":{"line":312,"column":8},"end":{"line":312,"column":116}},"129":{"start":{"line":326,"column":8},"end":{"line":326,"column":33}},"130":{"start":{"line":330,"column":8},"end":{"line":330,"column":30}},"131":{"start":{"line":334,"column":8},"end":{"line":334,"column":58}},"132":{"start":{"line":338,"column":8},"end":{"line":338,"column":66}},"133":{"start":{"line":339,"column":8},"end":{"line":339,"column":96}},"134":{"start":{"line":340,"column":8},"end":{"line":340,"column":63}},"135":{"start":{"line":341,"column":8},"end":{"line":341,"column":79}},"136":{"start":{"line":342,"column":8},"end":{"line":342,"column":64}},"137":{"start":{"line":343,"column":8},"end":{"line":343,"column":66}},"138":{"start":{"line":347,"column":8},"end":{"line":347,"column":54}},"139":{"start":{"line":348,"column":8},"end":{"line":348,"column":37}},"140":{"start":{"line":349,"column":8},"end":{"line":349,"column":37}},"141":{"start":{"line":350,"column":8},"end":{"line":350,"column":26}},"142":{"start":{"line":351,"column":8},"end":{"line":351,"column":63}},"143":{"start":{"line":355,"column":8},"end":{"line":355,"column":65}},"144":{"start":{"line":356,"column":8},"end":{"line":356,"column":21}},"145":{"start":{"line":360,"column":8},"end":{"line":360,"column":65}},"146":{"start":{"line":361,"column":8},"end":{"line":361,"column":33}},"147":{"start":{"line":367,"column":8},"end":{"line":367,"column":56}},"148":{"start":{"line":371,"column":8},"end":{"line":371,"column":57}},"149":{"start":{"line":375,"column":8},"end":{"line":375,"column":70}},"150":{"start":{"line":389,"column":8},"end":{"line":389,"column":32}}},"branchMap":{"1":{"line":84,"type":"if","locations":[{"start":{"line":84,"column":8},"end":{"line":84,"column":8}},{"start":{"line":84,"column":8},"end":{"line":84,"column":8}}]},"2":{"line":93,"type":"if","locations":[{"start":{"line":93,"column":8},"end":{"line":93,"column":8}},{"start":{"line":93,"column":8},"end":{"line":93,"column":8}}]},"3":{"line":123,"type":"if","locations":[{"start":{"line":123,"column":8},"end":{"line":123,"column":8}},{"start":{"line":123,"column":8},"end":{"line":123,"column":8}}]},"4":{"line":137,"type":"if","locations":[{"start":{"line":137,"column":8},"end":{"line":137,"column":8}},{"start":{"line":137,"column":8},"end":{"line":137,"column":8}}]},"5":{"line":178,"type":"if","locations":[{"start":{"line":178,"column":8},"end":{"line":178,"column":8}},{"start":{"line":178,"column":8},"end":{"line":178,"column":8}}]},"6":{"line":189,"type":"if","locations":[{"start":{"line":189,"column":8},"end":{"line":189,"column":8}},{"start":{"line":189,"column":8},"end":{"line":189,"column":8}}]},"7":{"line":192,"type":"if","locations":[{"start":{"line":192,"column":8},"end":{"line":192,"column":8}},{"start":{"line":192,"column":8},"end":{"line":192,"column":8}}]},"8":{"line":208,"type":"if","locations":[{"start":{"line":208,"column":8},"end":{"line":208,"column":8}},{"start":{"line":208,"column":8},"end":{"line":208,"column":8}}]},"9":{"line":209,"type":"if","locations":[{"start":{"line":209,"column":12},"end":{"line":209,"column":12}},{"start":{"line":209,"column":12},"end":{"line":209,"column":12}}]},"10":{"line":212,"type":"if","locations":[{"start":{"line":212,"column":16},"end":{"line":212,"column":16}},{"start":{"line":212,"column":16},"end":{"line":212,"column":16}}]},"11":{"line":216,"type":"if","locations":[{"start":{"line":216,"column":20},"end":{"line":216,"column":20}},{"start":{"line":216,"column":20},"end":{"line":216,"column":20}}]},"12":{"line":219,"type":"if","locations":[{"start":{"line":219,"column":15},"end":{"line":219,"column":15}},{"start":{"line":219,"column":15},"end":{"line":219,"column":15}}]},"13":{"line":234,"type":"if","locations":[{"start":{"line":234,"column":8},"end":{"line":234,"column":8}},{"start":{"line":234,"column":8},"end":{"line":234,"column":8}}]},"14":{"line":240,"type":"if","locations":[{"start":{"line":240,"column":8},"end":{"line":240,"column":8}},{"start":{"line":240,"column":8},"end":{"line":240,"column":8}}]},"15":{"line":244,"type":"if","locations":[{"start":{"line":244,"column":8},"end":{"line":244,"column":8}},{"start":{"line":244,"column":8},"end":{"line":244,"column":8}}]},"16":{"line":261,"type":"if","locations":[{"start":{"line":261,"column":8},"end":{"line":261,"column":8}},{"start":{"line":261,"column":8},"end":{"line":261,"column":8}}]},"17":{"line":269,"type":"if","locations":[{"start":{"line":269,"column":8},"end":{"line":269,"column":8}},{"start":{"line":269,"column":8},"end":{"line":269,"column":8}}]},"18":{"line":275,"type":"if","locations":[{"start":{"line":275,"column":8},"end":{"line":275,"column":8}},{"start":{"line":275,"column":8},"end":{"line":275,"column":8}}]},"19":{"line":277,"type":"if","locations":[{"start":{"line":277,"column":8},"end":{"line":277,"column":8}},{"start":{"line":277,"column":8},"end":{"line":277,"column":8}}]},"20":{"line":284,"type":"if","locations":[{"start":{"line":284,"column":8},"end":{"line":284,"column":8}},{"start":{"line":284,"column":8},"end":{"line":284,"column":8}}]},"21":{"line":285,"type":"if","locations":[{"start":{"line":285,"column":8},"end":{"line":285,"column":8}},{"start":{"line":285,"column":8},"end":{"line":285,"column":8}}]},"22":{"line":286,"type":"if","locations":[{"start":{"line":286,"column":8},"end":{"line":286,"column":8}},{"start":{"line":286,"column":8},"end":{"line":286,"column":8}}]},"23":{"line":287,"type":"if","locations":[{"start":{"line":287,"column":8},"end":{"line":287,"column":8}},{"start":{"line":287,"column":8},"end":{"line":287,"column":8}}]},"24":{"line":293,"type":"if","locations":[{"start":{"line":293,"column":8},"end":{"line":293,"column":8}},{"start":{"line":293,"column":8},"end":{"line":293,"column":8}}]},"25":{"line":297,"type":"if","locations":[{"start":{"line":297,"column":8},"end":{"line":297,"column":8}},{"start":{"line":297,"column":8},"end":{"line":297,"column":8}}]},"26":{"line":338,"type":"if","locations":[{"start":{"line":338,"column":8},"end":{"line":338,"column":8}},{"start":{"line":338,"column":8},"end":{"line":338,"column":8}}]},"27":{"line":340,"type":"if","locations":[{"start":{"line":340,"column":8},"end":{"line":340,"column":8}},{"start":{"line":340,"column":8},"end":{"line":340,"column":8}}]},"28":{"line":341,"type":"if","locations":[{"start":{"line":341,"column":8},"end":{"line":341,"column":8}},{"start":{"line":341,"column":8},"end":{"line":341,"column":8}}]},"29":{"line":355,"type":"if","locations":[{"start":{"line":355,"column":8},"end":{"line":355,"column":8}},{"start":{"line":355,"column":8},"end":{"line":355,"column":8}}]},"30":{"line":360,"type":"if","locations":[{"start":{"line":360,"column":8},"end":{"line":360,"column":8}},{"start":{"line":360,"column":8},"end":{"line":360,"column":8}}]},"31":{"line":367,"type":"if","locations":[{"start":{"line":367,"column":8},"end":{"line":367,"column":8}},{"start":{"line":367,"column":8},"end":{"line":367,"column":8}}]},"32":{"line":371,"type":"if","locations":[{"start":{"line":371,"column":8},"end":{"line":371,"column":8}},{"start":{"line":371,"column":8},"end":{"line":371,"column":8}}]},"33":{"line":375,"type":"if","locations":[{"start":{"line":375,"column":8},"end":{"line":375,"column":8}},{"start":{"line":375,"column":8},"end":{"line":375,"column":8}}]}}},"contracts/SwapsRouter.sol":{"l":{"237":0,"238":0,"245":1,"246":1,"250":0,"263":0,"264":0,"266":0,"267":0,"268":0,"270":0,"271":0,"272":0,"273":0,"275":0,"276":0,"277":0,"278":0,"292":0,"293":0,"294":0,"295":0,"296":0,"306":0,"314":0,"315":0,"316":0,"317":0,"318":0,"320":0,"333":0,"334":0,"335":0,"336":0,"337":0,"338":0,"339":0,"349":0,"358":0,"359":0,"360":0,"372":0,"373":0,"374":0,"375":0,"386":0,"387":0,"388":0,"389":0,"401":0,"410":0,"411":0,"412":0,"423":0,"424":0,"425":0,"426":0,"434":0,"435":0,"436":0,"437":0,"438":0,"439":0,"440":0,"452":0,"453":0,"454":0,"457":0,"466":0,"467":0,"468":0,"471":0,"481":0,"482":0,"483":0,"484":0,"485":0,"486":0,"495":0,"496":0,"497":0,"498":0,"501":0,"502":0,"503":0,"512":0,"513":0,"514":0,"515":0,"518":0,"519":0,"520":0,"530":0,"531":0,"532":0,"533":0,"534":0,"535":0,"537":0,"543":0,"544":0,"545":0,"546":0,"547":0,"548":0,"549":0,"550":0,"551":0,"552":0,"553":0,"555":0,"556":0,"557":0,"567":0,"570":0,"571":0,"572":0,"589":0,"590":0,"591":0,"592":0,"593":0,"594":0,"595":0,"612":0,"613":0,"616":0,"617":0,"618":0,"619":0,"620":0,"625":0,"635":0,"645":0,"655":0,"665":0,"673":0,"677":0,"681":0,"690":0,"691":0,"692":0,"697":0,"698":0,"708":0,"709":0,"710":0,"715":0,"716":0,"717":0,"722":0,"723":0,"724":0,"725":0,"726":0,"727":0,"732":0,"733":0,"734":0,"735":0,"736":0,"741":0,"742":0,"743":0,"744":0,"745":0,"746":0,"752":0,"753":0,"754":0,"755":0,"756":0,"757":0,"768":0,"769":0,"774":0,"775":0,"780":0,"781":0,"785":0,"786":0},"path":"/Users/vm06007/Development/bitcoincom-solidity-swap/contracts/SwapsRouter.sol","s":{"1":0,"2":1,"3":1,"4":0,"5":0,"6":0,"7":0,"8":0,"9":0,"10":0,"11":0,"12":0,"13":0,"14":0,"15":0,"16":0,"17":0,"18":0,"19":0,"20":0,"21":0,"22":0,"23":0,"24":0,"25":0,"26":0,"27":0,"28":0,"29":0,"30":0,"31":0,"32":0,"33":0,"34":0,"35":0,"36":0,"37":0,"38":0,"39":0,"40":0,"41":0,"42":0,"43":0,"44":0,"45":0,"46":0,"47":0,"48":0,"49":0,"50":0,"51":0,"52":0,"53":0,"54":0,"55":0,"56":0,"57":0,"58":0,"59":0,"60":0,"61":0,"62":0,"63":0,"64":0,"65":0,"66":0,"67":0,"68":0,"69":0,"70":0,"71":0,"72":0,"73":0,"74":0,"75":0,"76":0,"77":0,"78":0,"79":0,"80":0,"81":0,"82":0,"83":0,"84":0,"85":0,"86":0,"87":0,"88":0,"89":0,"90":0,"91":0,"92":0,"93":0,"94":0,"95":0,"96":0,"97":0,"98":0,"99":0,"100":0,"101":0,"102":0,"103":0,"104":0,"105":0,"106":0,"107":0,"108":0,"109":0,"110":0,"111":0,"112":0,"113":0,"114":0,"115":0,"116":0,"117":0,"118":0,"119":0,"120":0,"121":0,"122":0,"123":0,"124":0,"125":0,"126":0,"127":0,"128":0,"129":0,"130":0,"131":0,"132":0,"133":0,"134":0,"135":0,"136":0,"137":0,"138":0,"139":0,"140":0,"141":0,"142":0,"143":0,"144":0,"145":0,"146":0,"147":0,"148":0,"149":0,"150":0,"151":0,"152":0,"153":0,"154":0,"155":0,"156":0,"157":0,"158":0,"159":0,"160":0,"161":0,"162":0,"163":0,"164":0,"165":0,"166":0,"167":0,"168":0,"169":0,"170":0,"171":0,"172":0,"173":0,"174":0,"175":0,"176":0,"177":0,"178":0,"179":0,"180":0},"b":{"1":[0,0],"2":[0,0],"3":[0,0],"4":[0,0],"5":[0,0],"6":[0,0],"7":[0,0],"8":[0,0],"9":[0,0],"10":[0,0],"11":[0,0],"12":[0,0],"13":[0,0],"14":[0,0],"15":[0,0],"16":[0,0],"17":[0,0],"18":[0,0],"19":[0,0],"20":[0,0],"21":[0,0],"22":[0,0],"23":[0,0],"24":[0,0],"25":[0,0],"26":[0,0],"27":[0,0],"28":[0,0],"29":[0,0],"30":[0,0],"31":[0,0],"32":[0,0],"33":[0,0],"34":[0,0],"35":[0,0],"36":[0,0],"37":[0,0],"38":[0,0],"39":[0,0],"40":[0,0],"41":[0,0],"42":[0,0]},"f":{"1":0,"2":1,"3":0,"4":0,"5":0,"6":0,"7":0,"8":0,"9":0,"10":0,"11":0,"12":0,"13":0,"14":0,"15":0,"16":0,"17":0,"18":0,"19":0,"20":0,"21":0,"22":0,"23":0,"24":0,"25":0,"26":0,"27":0,"28":0,"29":0,"30":0,"31":0,"32":0,"33":0,"34":0,"35":0,"36":0,"37":0,"38":0,"39":0,"40":0,"41":0,"42":0},"fnMap":{"1":{"name":"ensure","line":236,"loc":{"start":{"line":236,"column":4},"end":{"line":239,"column":4}}},"2":{"name":"constructor","line":241,"loc":{"start":{"line":241,"column":4},"end":{"line":247,"column":4}}},"3":{"name":"_addLiquidity","line":254,"loc":{"start":{"line":254,"column":4},"end":{"line":281,"column":4}}},"4":{"name":"addLiquidity","line":291,"loc":{"start":{"line":282,"column":4},"end":{"line":297,"column":4}}},"5":{"name":"addLiquidityETH","line":305,"loc":{"start":{"line":298,"column":4},"end":{"line":321,"column":4}}},"6":{"name":"removeLiquidity","line":332,"loc":{"start":{"line":324,"column":4},"end":{"line":340,"column":4}}},"7":{"name":"removeLiquidityETH","line":348,"loc":{"start":{"line":341,"column":4},"end":{"line":361,"column":4}}},"8":{"name":"removeLiquidityWithPermit","line":362,"loc":{"start":{"line":362,"column":4},"end":{"line":376,"column":4}}},"9":{"name":"removeLiquidityETHWithPermit","line":377,"loc":{"start":{"line":377,"column":4},"end":{"line":390,"column":4}}},"10":{"name":"removeLiquidityETHSupportingFeeOnTransferTokens","line":400,"loc":{"start":{"line":393,"column":4},"end":{"line":413,"column":4}}},"11":{"name":"removeLiquidityETHWithPermitSupportingFeeOnTransferTokens","line":414,"loc":{"start":{"line":414,"column":4},"end":{"line":429,"column":4}}},"12":{"name":"_swap","line":433,"loc":{"start":{"line":433,"column":4},"end":{"line":444,"column":4}}},"13":{"name":"swapExactTokensForTokens","line":451,"loc":{"start":{"line":445,"column":4},"end":{"line":458,"column":4}}},"14":{"name":"swapTokensForExactTokens","line":465,"loc":{"start":{"line":459,"column":4},"end":{"line":472,"column":4}}},"15":{"name":"swapExactETHForTokens","line":478,"loc":{"start":{"line":473,"column":4},"end":{"line":487,"column":4}}},"16":{"name":"swapTokensForExactETH","line":492,"loc":{"start":{"line":488,"column":4},"end":{"line":504,"column":4}}},"17":{"name":"swapExactTokensForETH","line":509,"loc":{"start":{"line":505,"column":4},"end":{"line":521,"column":4}}},"18":{"name":"swapETHForExactTokens","line":527,"loc":{"start":{"line":522,"column":4},"end":{"line":538,"column":4}}},"19":{"name":"_swapSupportingFeeOnTransferTokens","line":542,"loc":{"start":{"line":542,"column":4},"end":{"line":559,"column":4}}},"20":{"name":"swapExactTokensForTokensSupportingFeeOnTransferTokens","line":566,"loc":{"start":{"line":560,"column":4},"end":{"line":576,"column":4}}},"21":{"name":"swapExactETHForTokensSupportingFeeOnTransferTokens","line":587,"loc":{"start":{"line":577,"column":4},"end":{"line":599,"column":4}}},"22":{"name":"swapExactTokensForETHSupportingFeeOnTransferTokens","line":610,"loc":{"start":{"line":600,"column":4},"end":{"line":621,"column":4}}},"23":{"name":"quote","line":624,"loc":{"start":{"line":624,"column":4},"end":{"line":626,"column":4}}},"24":{"name":"getAmountOut","line":628,"loc":{"start":{"line":628,"column":4},"end":{"line":636,"column":4}}},"25":{"name":"getAmountIn","line":638,"loc":{"start":{"line":638,"column":4},"end":{"line":646,"column":4}}},"26":{"name":"getAmountsOut","line":648,"loc":{"start":{"line":648,"column":4},"end":{"line":656,"column":4}}},"27":{"name":"getAmountsIn","line":658,"loc":{"start":{"line":658,"column":4},"end":{"line":666,"column":4}}},"28":{"name":"add","line":672,"loc":{"start":{"line":672,"column":4},"end":{"line":674,"column":4}}},"29":{"name":"sub","line":676,"loc":{"start":{"line":676,"column":4},"end":{"line":678,"column":4}}},"30":{"name":"mul","line":680,"loc":{"start":{"line":680,"column":4},"end":{"line":682,"column":4}}},"31":{"name":"sortTokens","line":689,"loc":{"start":{"line":689,"column":4},"end":{"line":693,"column":4}}},"32":{"name":"pairFor","line":696,"loc":{"start":{"line":696,"column":4},"end":{"line":704,"column":4}}},"33":{"name":"getReserves","line":707,"loc":{"start":{"line":707,"column":4},"end":{"line":711,"column":4}}},"34":{"name":"quote","line":714,"loc":{"start":{"line":714,"column":4},"end":{"line":718,"column":4}}},"35":{"name":"getAmountOut","line":721,"loc":{"start":{"line":721,"column":4},"end":{"line":728,"column":4}}},"36":{"name":"getAmountIn","line":731,"loc":{"start":{"line":731,"column":4},"end":{"line":737,"column":4}}},"37":{"name":"getAmountsOut","line":740,"loc":{"start":{"line":740,"column":4},"end":{"line":748,"column":4}}},"38":{"name":"getAmountsIn","line":751,"loc":{"start":{"line":751,"column":4},"end":{"line":759,"column":4}}},"39":{"name":"safeApprove","line":766,"loc":{"start":{"line":766,"column":4},"end":{"line":770,"column":4}}},"40":{"name":"safeTransfer","line":772,"loc":{"start":{"line":772,"column":4},"end":{"line":776,"column":4}}},"41":{"name":"safeTransferFrom","line":778,"loc":{"start":{"line":778,"column":4},"end":{"line":782,"column":4}}},"42":{"name":"safeTransferETH","line":784,"loc":{"start":{"line":784,"column":4},"end":{"line":787,"column":4}}}},"statementMap":{"1":{"start":{"line":237,"column":8},"end":{"line":237,"column":71}},"2":{"start":{"line":245,"column":8},"end":{"line":245,"column":25}},"3":{"start":{"line":246,"column":8},"end":{"line":246,"column":19}},"4":{"start":{"line":263,"column":8},"end":{"line":263,"column":9682}},"5":{"start":{"line":264,"column":12},"end":{"line":264,"column":64}},"6":{"start":{"line":266,"column":8},"end":{"line":266,"column":94}},"7":{"start":{"line":267,"column":8},"end":{"line":267,"column":9935}},"8":{"start":{"line":268,"column":12},"end":{"line":268,"column":64}},"9":{"start":{"line":270,"column":12},"end":{"line":270,"column":92}},"10":{"start":{"line":271,"column":12},"end":{"line":271,"column":10167}},"11":{"start":{"line":272,"column":16},"end":{"line":272,"column":94}},"12":{"start":{"line":273,"column":16},"end":{"line":273,"column":68}},"13":{"start":{"line":275,"column":16},"end":{"line":275,"column":96}},"14":{"start":{"line":276,"column":16},"end":{"line":276,"column":55}},"15":{"start":{"line":277,"column":16},"end":{"line":277,"column":94}},"16":{"start":{"line":278,"column":16},"end":{"line":278,"column":68}},"17":{"start":{"line":292,"column":8},"end":{"line":292,"column":113}},"18":{"start":{"line":293,"column":8},"end":{"line":293,"column":72}},"19":{"start":{"line":294,"column":8},"end":{"line":294,"column":73}},"20":{"start":{"line":295,"column":8},"end":{"line":295,"column":73}},"21":{"start":{"line":296,"column":8},"end":{"line":296,"column":48}},"22":{"start":{"line":306,"column":8},"end":{"line":306,"column":11784}},"23":{"start":{"line":314,"column":8},"end":{"line":314,"column":69}},"24":{"start":{"line":315,"column":8},"end":{"line":315,"column":76}},"25":{"start":{"line":316,"column":8},"end":{"line":316,"column":46}},"26":{"start":{"line":317,"column":8},"end":{"line":317,"column":52}},"27":{"start":{"line":318,"column":8},"end":{"line":318,"column":48}},"28":{"start":{"line":320,"column":8},"end":{"line":320,"column":100}},"29":{"start":{"line":320,"column":35},"end":{"line":320,"column":99}},"30":{"start":{"line":333,"column":8},"end":{"line":333,"column":72}},"31":{"start":{"line":334,"column":8},"end":{"line":334,"column":69}},"32":{"start":{"line":335,"column":8},"end":{"line":335,"column":68}},"33":{"start":{"line":336,"column":8},"end":{"line":336,"column":71}},"34":{"start":{"line":337,"column":8},"end":{"line":337,"column":86}},"35":{"start":{"line":338,"column":8},"end":{"line":338,"column":79}},"36":{"start":{"line":339,"column":8},"end":{"line":339,"column":79}},"37":{"start":{"line":349,"column":8},"end":{"line":349,"column":13597}},"38":{"start":{"line":358,"column":8},"end":{"line":358,"column":58}},"39":{"start":{"line":359,"column":8},"end":{"line":359,"column":38}},"40":{"start":{"line":360,"column":8},"end":{"line":360,"column":52}},"41":{"start":{"line":372,"column":8},"end":{"line":372,"column":72}},"42":{"start":{"line":373,"column":8},"end":{"line":373,"column":54}},"43":{"start":{"line":374,"column":8},"end":{"line":374,"column":87}},"44":{"start":{"line":375,"column":8},"end":{"line":375,"column":108}},"45":{"start":{"line":386,"column":8},"end":{"line":386,"column":69}},"46":{"start":{"line":387,"column":8},"end":{"line":387,"column":54}},"47":{"start":{"line":388,"column":8},"end":{"line":388,"column":87}},"48":{"start":{"line":389,"column":8},"end":{"line":389,"column":114}},"49":{"start":{"line":401,"column":8},"end":{"line":401,"column":15666}},"50":{"start":{"line":410,"column":8},"end":{"line":410,"column":85}},"51":{"start":{"line":411,"column":8},"end":{"line":411,"column":38}},"52":{"start":{"line":412,"column":8},"end":{"line":412,"column":52}},"53":{"start":{"line":423,"column":8},"end":{"line":423,"column":69}},"54":{"start":{"line":424,"column":8},"end":{"line":424,"column":54}},"55":{"start":{"line":425,"column":8},"end":{"line":425,"column":87}},"56":{"start":{"line":426,"column":8},"end":{"line":426,"column":16619}},"57":{"start":{"line":434,"column":8},"end":{"line":434,"column":16977}},"58":{"start":{"line":435,"column":12},"end":{"line":435,"column":68}},"59":{"start":{"line":436,"column":12},"end":{"line":436,"column":74}},"60":{"start":{"line":437,"column":12},"end":{"line":437,"column":43}},"61":{"start":{"line":438,"column":12},"end":{"line":438,"column":110}},"62":{"start":{"line":439,"column":12},"end":{"line":439,"column":107}},"63":{"start":{"line":440,"column":12},"end":{"line":440,"column":17446}},"64":{"start":{"line":452,"column":8},"end":{"line":452,"column":72}},"65":{"start":{"line":453,"column":8},"end":{"line":453,"column":106}},"66":{"start":{"line":454,"column":8},"end":{"line":454,"column":18040}},"67":{"start":{"line":457,"column":8},"end":{"line":457,"column":31}},"68":{"start":{"line":466,"column":8},"end":{"line":466,"column":72}},"69":{"start":{"line":467,"column":8},"end":{"line":467,"column":84}},"70":{"start":{"line":468,"column":8},"end":{"line":468,"column":18638}},"71":{"start":{"line":471,"column":8},"end":{"line":471,"column":31}},"72":{"start":{"line":481,"column":8},"end":{"line":481,"column":64}},"73":{"start":{"line":482,"column":8},"end":{"line":482,"column":73}},"74":{"start":{"line":483,"column":8},"end":{"line":483,"column":106}},"75":{"start":{"line":484,"column":8},"end":{"line":484,"column":47}},"76":{"start":{"line":485,"column":8},"end":{"line":485,"column":100}},"77":{"start":{"line":486,"column":8},"end":{"line":486,"column":31}},"78":{"start":{"line":495,"column":8},"end":{"line":495,"column":78}},"79":{"start":{"line":496,"column":8},"end":{"line":496,"column":72}},"80":{"start":{"line":497,"column":8},"end":{"line":497,"column":84}},"81":{"start":{"line":498,"column":8},"end":{"line":498,"column":20000}},"82":{"start":{"line":501,"column":8},"end":{"line":501,"column":42}},"83":{"start":{"line":502,"column":8},"end":{"line":502,"column":56}},"84":{"start":{"line":503,"column":8},"end":{"line":503,"column":70}},"85":{"start":{"line":512,"column":8},"end":{"line":512,"column":78}},"86":{"start":{"line":513,"column":8},"end":{"line":513,"column":72}},"87":{"start":{"line":514,"column":8},"end":{"line":514,"column":106}},"88":{"start":{"line":515,"column":8},"end":{"line":515,"column":20839}},"89":{"start":{"line":518,"column":8},"end":{"line":518,"column":42}},"90":{"start":{"line":519,"column":8},"end":{"line":519,"column":56}},"91":{"start":{"line":520,"column":8},"end":{"line":520,"column":70}},"92":{"start":{"line":530,"column":8},"end":{"line":530,"column":64}},"93":{"start":{"line":531,"column":8},"end":{"line":531,"column":72}},"94":{"start":{"line":532,"column":8},"end":{"line":532,"column":82}},"95":{"start":{"line":533,"column":8},"end":{"line":533,"column":47}},"96":{"start":{"line":534,"column":8},"end":{"line":534,"column":100}},"97":{"start":{"line":535,"column":8},"end":{"line":535,"column":31}},"98":{"start":{"line":537,"column":8},"end":{"line":537,"column":102}},"99":{"start":{"line":537,"column":36},"end":{"line":537,"column":101}},"100":{"start":{"line":543,"column":8},"end":{"line":543,"column":22211}},"101":{"start":{"line":544,"column":12},"end":{"line":544,"column":68}},"102":{"start":{"line":545,"column":12},"end":{"line":545,"column":74}},"103":{"start":{"line":546,"column":12},"end":{"line":546,"column":98}},"104":{"start":{"line":547,"column":12},"end":{"line":547,"column":28}},"105":{"start":{"line":548,"column":12},"end":{"line":548,"column":29}},"106":{"start":{"line":550,"column":12},"end":{"line":550,"column":64}},"107":{"start":{"line":551,"column":12},"end":{"line":551,"column":115}},"108":{"start":{"line":552,"column":12},"end":{"line":552,"column":81}},"109":{"start":{"line":553,"column":12},"end":{"line":553,"column":97}},"110":{"start":{"line":555,"column":12},"end":{"line":555,"column":116}},"111":{"start":{"line":556,"column":12},"end":{"line":556,"column":107}},"112":{"start":{"line":557,"column":12},"end":{"line":557,"column":62}},"113":{"start":{"line":567,"column":8},"end":{"line":567,"column":23554}},"114":{"start":{"line":570,"column":8},"end":{"line":570,"column":72}},"115":{"start":{"line":571,"column":8},"end":{"line":571,"column":51}},"116":{"start":{"line":572,"column":8},"end":{"line":572,"column":23829}},"117":{"start":{"line":589,"column":8},"end":{"line":589,"column":64}},"118":{"start":{"line":590,"column":8},"end":{"line":590,"column":33}},"119":{"start":{"line":591,"column":8},"end":{"line":591,"column":45}},"120":{"start":{"line":592,"column":8},"end":{"line":592,"column":98}},"121":{"start":{"line":593,"column":8},"end":{"line":593,"column":72}},"122":{"start":{"line":594,"column":8},"end":{"line":594,"column":51}},"123":{"start":{"line":595,"column":8},"end":{"line":595,"column":24662}},"124":{"start":{"line":612,"column":8},"end":{"line":612,"column":78}},"125":{"start":{"line":613,"column":8},"end":{"line":613,"column":25204}},"126":{"start":{"line":616,"column":8},"end":{"line":616,"column":62}},"127":{"start":{"line":617,"column":8},"end":{"line":617,"column":62}},"128":{"start":{"line":618,"column":8},"end":{"line":618,"column":88}},"129":{"start":{"line":619,"column":8},"end":{"line":619,"column":38}},"130":{"start":{"line":620,"column":8},"end":{"line":620,"column":52}},"131":{"start":{"line":625,"column":8},"end":{"line":625,"column":66}},"132":{"start":{"line":635,"column":8},"end":{"line":635,"column":77}},"133":{"start":{"line":645,"column":8},"end":{"line":645,"column":77}},"134":{"start":{"line":655,"column":8},"end":{"line":655,"column":70}},"135":{"start":{"line":665,"column":8},"end":{"line":665,"column":70}},"136":{"start":{"line":673,"column":8},"end":{"line":673,"column":56}},"137":{"start":{"line":677,"column":8},"end":{"line":677,"column":57}},"138":{"start":{"line":681,"column":8},"end":{"line":681,"column":70}},"139":{"start":{"line":690,"column":8},"end":{"line":690,"column":73}},"140":{"start":{"line":691,"column":8},"end":{"line":691,"column":79}},"141":{"start":{"line":692,"column":8},"end":{"line":692,"column":70}},"142":{"start":{"line":697,"column":8},"end":{"line":697,"column":69}},"143":{"start":{"line":698,"column":8},"end":{"line":698,"column":28240}},"144":{"start":{"line":708,"column":8},"end":{"line":708,"column":54}},"145":{"start":{"line":709,"column":8},"end":{"line":709,"column":104}},"146":{"start":{"line":710,"column":8},"end":{"line":710,"column":92}},"147":{"start":{"line":715,"column":8},"end":{"line":715,"column":68}},"148":{"start":{"line":716,"column":8},"end":{"line":716,"column":88}},"149":{"start":{"line":717,"column":8},"end":{"line":717,"column":49}},"150":{"start":{"line":722,"column":8},"end":{"line":722,"column":75}},"151":{"start":{"line":723,"column":8},"end":{"line":723,"column":91}},"152":{"start":{"line":724,"column":8},"end":{"line":724,"column":48}},"153":{"start":{"line":725,"column":8},"end":{"line":725,"column":56}},"154":{"start":{"line":726,"column":8},"end":{"line":726,"column":67}},"155":{"start":{"line":727,"column":8},"end":{"line":727,"column":42}},"156":{"start":{"line":732,"column":8},"end":{"line":732,"column":77}},"157":{"start":{"line":733,"column":8},"end":{"line":733,"column":91}},"158":{"start":{"line":734,"column":8},"end":{"line":734,"column":59}},"159":{"start":{"line":735,"column":8},"end":{"line":735,"column":61}},"160":{"start":{"line":736,"column":8},"end":{"line":736,"column":50}},"161":{"start":{"line":741,"column":8},"end":{"line":741,"column":66}},"162":{"start":{"line":742,"column":8},"end":{"line":742,"column":40}},"163":{"start":{"line":743,"column":8},"end":{"line":743,"column":28}},"164":{"start":{"line":744,"column":8},"end":{"line":744,"column":30957}},"165":{"start":{"line":745,"column":12},"end":{"line":745,"column":90}},"166":{"start":{"line":746,"column":12},"end":{"line":746,"column":75}},"167":{"start":{"line":752,"column":8},"end":{"line":752,"column":66}},"168":{"start":{"line":753,"column":8},"end":{"line":753,"column":40}},"169":{"start":{"line":754,"column":8},"end":{"line":754,"column":46}},"170":{"start":{"line":755,"column":8},"end":{"line":755,"column":31556}},"171":{"start":{"line":756,"column":12},"end":{"line":756,"column":90}},"172":{"start":{"line":757,"column":12},"end":{"line":757,"column":74}},"173":{"start":{"line":768,"column":8},"end":{"line":768,"column":101}},"174":{"start":{"line":769,"column":8},"end":{"line":769,"column":107}},"175":{"start":{"line":774,"column":8},"end":{"line":774,"column":101}},"176":{"start":{"line":775,"column":8},"end":{"line":775,"column":108}},"177":{"start":{"line":780,"column":8},"end":{"line":780,"column":107}},"178":{"start":{"line":781,"column":8},"end":{"line":781,"column":113}},"179":{"start":{"line":785,"column":8},"end":{"line":785,"column":60}},"180":{"start":{"line":786,"column":8},"end":{"line":786,"column":62}}},"branchMap":{"1":{"line":237,"type":"if","locations":[{"start":{"line":237,"column":8},"end":{"line":237,"column":8}},{"start":{"line":237,"column":8},"end":{"line":237,"column":8}}]},"2":{"line":263,"type":"if","locations":[{"start":{"line":263,"column":8},"end":{"line":263,"column":8}},{"start":{"line":263,"column":8},"end":{"line":263,"column":8}}]},"3":{"line":267,"type":"if","locations":[{"start":{"line":267,"column":8},"end":{"line":267,"column":8}},{"start":{"line":267,"column":8},"end":{"line":267,"column":8}}]},"4":{"line":271,"type":"if","locations":[{"start":{"line":271,"column":12},"end":{"line":271,"column":12}},{"start":{"line":271,"column":12},"end":{"line":271,"column":12}}]},"5":{"line":272,"type":"if","locations":[{"start":{"line":272,"column":16},"end":{"line":272,"column":16}},{"start":{"line":272,"column":16},"end":{"line":272,"column":16}}]},"6":{"line":277,"type":"if","locations":[{"start":{"line":277,"column":16},"end":{"line":277,"column":16}},{"start":{"line":277,"column":16},"end":{"line":277,"column":16}}]},"7":{"line":320,"type":"if","locations":[{"start":{"line":320,"column":8},"end":{"line":320,"column":8}},{"start":{"line":320,"column":8},"end":{"line":320,"column":8}}]},"8":{"line":338,"type":"if","locations":[{"start":{"line":338,"column":8},"end":{"line":338,"column":8}},{"start":{"line":338,"column":8},"end":{"line":338,"column":8}}]},"9":{"line":339,"type":"if","locations":[{"start":{"line":339,"column":8},"end":{"line":339,"column":8}},{"start":{"line":339,"column":8},"end":{"line":339,"column":8}}]},"10":{"line":453,"type":"if","locations":[{"start":{"line":453,"column":8},"end":{"line":453,"column":8}},{"start":{"line":453,"column":8},"end":{"line":453,"column":8}}]},"11":{"line":467,"type":"if","locations":[{"start":{"line":467,"column":8},"end":{"line":467,"column":8}},{"start":{"line":467,"column":8},"end":{"line":467,"column":8}}]},"12":{"line":481,"type":"if","locations":[{"start":{"line":481,"column":8},"end":{"line":481,"column":8}},{"start":{"line":481,"column":8},"end":{"line":481,"column":8}}]},"13":{"line":483,"type":"if","locations":[{"start":{"line":483,"column":8},"end":{"line":483,"column":8}},{"start":{"line":483,"column":8},"end":{"line":483,"column":8}}]},"14":{"line":495,"type":"if","locations":[{"start":{"line":495,"column":8},"end":{"line":495,"column":8}},{"start":{"line":495,"column":8},"end":{"line":495,"column":8}}]},"15":{"line":497,"type":"if","locations":[{"start":{"line":497,"column":8},"end":{"line":497,"column":8}},{"start":{"line":497,"column":8},"end":{"line":497,"column":8}}]},"16":{"line":512,"type":"if","locations":[{"start":{"line":512,"column":8},"end":{"line":512,"column":8}},{"start":{"line":512,"column":8},"end":{"line":512,"column":8}}]},"17":{"line":514,"type":"if","locations":[{"start":{"line":514,"column":8},"end":{"line":514,"column":8}},{"start":{"line":514,"column":8},"end":{"line":514,"column":8}}]},"18":{"line":530,"type":"if","locations":[{"start":{"line":530,"column":8},"end":{"line":530,"column":8}},{"start":{"line":530,"column":8},"end":{"line":530,"column":8}}]},"19":{"line":532,"type":"if","locations":[{"start":{"line":532,"column":8},"end":{"line":532,"column":8}},{"start":{"line":532,"column":8},"end":{"line":532,"column":8}}]},"20":{"line":537,"type":"if","locations":[{"start":{"line":537,"column":8},"end":{"line":537,"column":8}},{"start":{"line":537,"column":8},"end":{"line":537,"column":8}}]},"21":{"line":572,"type":"if","locations":[{"start":{"line":572,"column":8},"end":{"line":572,"column":8}},{"start":{"line":572,"column":8},"end":{"line":572,"column":8}}]},"22":{"line":589,"type":"if","locations":[{"start":{"line":589,"column":8},"end":{"line":589,"column":8}},{"start":{"line":589,"column":8},"end":{"line":589,"column":8}}]},"23":{"line":595,"type":"if","locations":[{"start":{"line":595,"column":8},"end":{"line":595,"column":8}},{"start":{"line":595,"column":8},"end":{"line":595,"column":8}}]},"24":{"line":612,"type":"if","locations":[{"start":{"line":612,"column":8},"end":{"line":612,"column":8}},{"start":{"line":612,"column":8},"end":{"line":612,"column":8}}]},"25":{"line":618,"type":"if","locations":[{"start":{"line":618,"column":8},"end":{"line":618,"column":8}},{"start":{"line":618,"column":8},"end":{"line":618,"column":8}}]},"26":{"line":673,"type":"if","locations":[{"start":{"line":673,"column":8},"end":{"line":673,"column":8}},{"start":{"line":673,"column":8},"end":{"line":673,"column":8}}]},"27":{"line":677,"type":"if","locations":[{"start":{"line":677,"column":8},"end":{"line":677,"column":8}},{"start":{"line":677,"column":8},"end":{"line":677,"column":8}}]},"28":{"line":681,"type":"if","locations":[{"start":{"line":681,"column":8},"end":{"line":681,"column":8}},{"start":{"line":681,"column":8},"end":{"line":681,"column":8}}]},"29":{"line":690,"type":"if","locations":[{"start":{"line":690,"column":8},"end":{"line":690,"column":8}},{"start":{"line":690,"column":8},"end":{"line":690,"column":8}}]},"30":{"line":692,"type":"if","locations":[{"start":{"line":692,"column":8},"end":{"line":692,"column":8}},{"start":{"line":692,"column":8},"end":{"line":692,"column":8}}]},"31":{"line":715,"type":"if","locations":[{"start":{"line":715,"column":8},"end":{"line":715,"column":8}},{"start":{"line":715,"column":8},"end":{"line":715,"column":8}}]},"32":{"line":716,"type":"if","locations":[{"start":{"line":716,"column":8},"end":{"line":716,"column":8}},{"start":{"line":716,"column":8},"end":{"line":716,"column":8}}]},"33":{"line":722,"type":"if","locations":[{"start":{"line":722,"column":8},"end":{"line":722,"column":8}},{"start":{"line":722,"column":8},"end":{"line":722,"column":8}}]},"34":{"line":723,"type":"if","locations":[{"start":{"line":723,"column":8},"end":{"line":723,"column":8}},{"start":{"line":723,"column":8},"end":{"line":723,"column":8}}]},"35":{"line":732,"type":"if","locations":[{"start":{"line":732,"column":8},"end":{"line":732,"column":8}},{"start":{"line":732,"column":8},"end":{"line":732,"column":8}}]},"36":{"line":733,"type":"if","locations":[{"start":{"line":733,"column":8},"end":{"line":733,"column":8}},{"start":{"line":733,"column":8},"end":{"line":733,"column":8}}]},"37":{"line":741,"type":"if","locations":[{"start":{"line":741,"column":8},"end":{"line":741,"column":8}},{"start":{"line":741,"column":8},"end":{"line":741,"column":8}}]},"38":{"line":752,"type":"if","locations":[{"start":{"line":752,"column":8},"end":{"line":752,"column":8}},{"start":{"line":752,"column":8},"end":{"line":752,"column":8}}]},"39":{"line":769,"type":"if","locations":[{"start":{"line":769,"column":8},"end":{"line":769,"column":8}},{"start":{"line":769,"column":8},"end":{"line":769,"column":8}}]},"40":{"line":775,"type":"if","locations":[{"start":{"line":775,"column":8},"end":{"line":775,"column":8}},{"start":{"line":775,"column":8},"end":{"line":775,"column":8}}]},"41":{"line":781,"type":"if","locations":[{"start":{"line":781,"column":8},"end":{"line":781,"column":8}},{"start":{"line":781,"column":8},"end":{"line":781,"column":8}}]},"42":{"line":786,"type":"if","locations":[{"start":{"line":786,"column":8},"end":{"line":786,"column":8}},{"start":{"line":786,"column":8},"end":{"line":786,"column":8}}]}}},"contracts/Token.sol":{"l":{"20":1,"21":1,"22":1,"24":1,"25":1,"32":1,"40":1,"44":1,"48":0,"52":0,"59":0,"60":0,"67":0,"74":0,"75":0,"83":0,"88":0,"89":0,"96":0,"101":0,"108":0,"111":0,"122":0,"127":0,"132":0,"135":0,"138":0,"149":0,"154":0,"159":0,"160":0,"164":0,"168":0,"169":0},"path":"/Users/vm06007/Development/bitcoincom-solidity-swap/contracts/Token.sol","s":{"1":1,"2":1,"3":1,"4":1,"5":1,"6":1,"7":1,"8":1,"9":0,"10":0,"11":0,"12":0,"13":0,"14":0,"15":0,"16":0,"17":0,"18":0,"19":0,"20":0,"21":0,"22":0,"23":0,"24":0,"25":0,"26":0,"27":0,"28":0,"29":0,"30":0,"31":0,"32":0,"33":0},"b":{"1":[0,0],"2":[0,0],"3":[0,0],"4":[0,0]},"f":{"1":1,"2":1,"3":1,"4":1,"5":0,"6":0,"7":0,"8":0,"9":0,"10":0,"11":0,"12":0,"13":0,"14":0,"15":0,"16":0},"fnMap":{"1":{"name":"constructor","line":19,"loc":{"start":{"line":19,"column":4},"end":{"line":26,"column":4}}},"2":{"name":"name","line":31,"loc":{"start":{"line":31,"column":4},"end":{"line":33,"column":4}}},"3":{"name":"symbol","line":39,"loc":{"start":{"line":39,"column":4},"end":{"line":41,"column":4}}},"4":{"name":"decimals","line":43,"loc":{"start":{"line":43,"column":4},"end":{"line":45,"column":4}}},"5":{"name":"totalSupply","line":47,"loc":{"start":{"line":47,"column":4},"end":{"line":49,"column":4}}},"6":{"name":"balanceOf","line":51,"loc":{"start":{"line":51,"column":4},"end":{"line":53,"column":4}}},"7":{"name":"transfer","line":55,"loc":{"start":{"line":55,"column":4},"end":{"line":61,"column":4}}},"8":{"name":"allowance","line":63,"loc":{"start":{"line":63,"column":4},"end":{"line":68,"column":4}}},"9":{"name":"approve","line":70,"loc":{"start":{"line":70,"column":4},"end":{"line":76,"column":4}}},"10":{"name":"transferFrom","line":78,"loc":{"start":{"line":78,"column":4},"end":{"line":90,"column":4}}},"11":{"name":"increaseAllowance","line":92,"loc":{"start":{"line":92,"column":4},"end":{"line":102,"column":4}}},"12":{"name":"decreaseAllowance","line":104,"loc":{"start":{"line":104,"column":4},"end":{"line":112,"column":4}}},"13":{"name":"_transfer","line":114,"loc":{"start":{"line":114,"column":4},"end":{"line":139,"column":4}}},"14":{"name":"_approve","line":141,"loc":{"start":{"line":141,"column":4},"end":{"line":161,"column":4}}},"15":{"name":"_msgSender","line":163,"loc":{"start":{"line":163,"column":4},"end":{"line":165,"column":4}}},"16":{"name":"_msgData","line":167,"loc":{"start":{"line":167,"column":4},"end":{"line":170,"column":4}}}},"statementMap":{"1":{"start":{"line":20,"column":8},"end":{"line":20,"column":22}},"2":{"start":{"line":21,"column":8},"end":{"line":21,"column":22}},"3":{"start":{"line":22,"column":8},"end":{"line":22,"column":21}},"4":{"start":{"line":24,"column":8},"end":{"line":24,"column":47}},"5":{"start":{"line":25,"column":8},"end":{"line":25,"column":43}},"6":{"start":{"line":32,"column":8},"end":{"line":32,"column":20}},"7":{"start":{"line":40,"column":8},"end":{"line":40,"column":22}},"8":{"start":{"line":44,"column":8},"end":{"line":44,"column":24}},"9":{"start":{"line":48,"column":8},"end":{"line":48,"column":27}},"10":{"start":{"line":52,"column":8},"end":{"line":52,"column":33}},"11":{"start":{"line":59,"column":8},"end":{"line":59,"column":49}},"12":{"start":{"line":60,"column":8},"end":{"line":60,"column":19}},"13":{"start":{"line":67,"column":8},"end":{"line":67,"column":42}},"14":{"start":{"line":74,"column":8},"end":{"line":74,"column":46}},"15":{"start":{"line":75,"column":8},"end":{"line":75,"column":19}},"16":{"start":{"line":83,"column":8},"end":{"line":83,"column":1992}},"17":{"start":{"line":88,"column":8},"end":{"line":88,"column":43}},"18":{"start":{"line":89,"column":8},"end":{"line":89,"column":19}},"19":{"start":{"line":96,"column":8},"end":{"line":96,"column":2318}},"20":{"start":{"line":101,"column":8},"end":{"line":101,"column":19}},"21":{"start":{"line":108,"column":8},"end":{"line":108,"column":2609}},"22":{"start":{"line":111,"column":8},"end":{"line":111,"column":19}},"23":{"start":{"line":122,"column":8},"end":{"line":122,"column":2897}},"24":{"start":{"line":127,"column":8},"end":{"line":127,"column":3012}},"25":{"start":{"line":132,"column":8},"end":{"line":132,"column":3153}},"26":{"start":{"line":135,"column":8},"end":{"line":135,"column":3221}},"27":{"start":{"line":138,"column":8},"end":{"line":138,"column":48}},"28":{"start":{"line":149,"column":8},"end":{"line":149,"column":3460}},"29":{"start":{"line":154,"column":8},"end":{"line":154,"column":3575}},"30":{"start":{"line":159,"column":8},"end":{"line":159,"column":43}},"31":{"start":{"line":160,"column":8},"end":{"line":160,"column":45}},"32":{"start":{"line":164,"column":8},"end":{"line":164,"column":34}},"33":{"start":{"line":169,"column":8},"end":{"line":169,"column":23}}},"branchMap":{"1":{"line":122,"type":"if","locations":[{"start":{"line":122,"column":8},"end":{"line":122,"column":8}},{"start":{"line":122,"column":8},"end":{"line":122,"column":8}}]},"2":{"line":127,"type":"if","locations":[{"start":{"line":127,"column":8},"end":{"line":127,"column":8}},{"start":{"line":127,"column":8},"end":{"line":127,"column":8}}]},"3":{"line":149,"type":"if","locations":[{"start":{"line":149,"column":8},"end":{"line":149,"column":8}},{"start":{"line":149,"column":8},"end":{"line":149,"column":8}}]},"4":{"line":154,"type":"if","locations":[{"start":{"line":154,"column":8},"end":{"line":154,"column":8}},{"start":{"line":154,"column":8},"end":{"line":154,"column":8}}]}}},"contracts/WrappedEther.sol":{"l":{"37":1,"44":3,"47":3,"58":0,"61":0,"63":0,"74":0,"84":0,"85":0,"86":0,"96":0,"111":0,"114":0,"117":0,"120":0,"126":0},"path":"/Users/vm06007/Development/bitcoincom-solidity-swap/contracts/WrappedEther.sol","s":{"1":3,"2":3,"3":0,"4":0,"5":0,"6":0,"7":0,"8":0,"9":0,"10":0,"11":0,"12":0,"13":0,"14":0,"15":0},"b":{},"f":{"1":3,"2":0,"3":0,"4":0,"5":0,"6":0},"fnMap":{"1":{"name":"deposit","line":40,"loc":{"start":{"line":40,"column":4},"end":{"line":51,"column":4}}},"2":{"name":"withdraw","line":53,"loc":{"start":{"line":53,"column":4},"end":{"line":67,"column":4}}},"3":{"name":"totalSupply","line":69,"loc":{"start":{"line":69,"column":4},"end":{"line":75,"column":4}}},"4":{"name":"approve","line":77,"loc":{"start":{"line":77,"column":4},"end":{"line":87,"column":4}}},"5":{"name":"transfer","line":89,"loc":{"start":{"line":89,"column":4},"end":{"line":101,"column":4}}},"6":{"name":"transferFrom","line":103,"loc":{"start":{"line":103,"column":4},"end":{"line":127,"column":4}}}},"statementMap":{"1":{"start":{"line":44,"column":8},"end":{"line":44,"column":854}},"2":{"start":{"line":47,"column":8},"end":{"line":47,"column":899}},"3":{"start":{"line":58,"column":8},"end":{"line":58,"column":1082}},"4":{"start":{"line":61,"column":8},"end":{"line":61,"column":41}},"5":{"start":{"line":63,"column":8},"end":{"line":63,"column":1172}},"6":{"start":{"line":74,"column":8},"end":{"line":74,"column":36}},"7":{"start":{"line":84,"column":8},"end":{"line":84,"column":41}},"8":{"start":{"line":85,"column":8},"end":{"line":85,"column":45}},"9":{"start":{"line":86,"column":8},"end":{"line":86,"column":19}},"10":{"start":{"line":96,"column":8},"end":{"line":96,"column":1733}},"11":{"start":{"line":111,"column":8},"end":{"line":111,"column":2006}},"12":{"start":{"line":114,"column":8},"end":{"line":114,"column":2074}},"13":{"start":{"line":117,"column":8},"end":{"line":117,"column":2130}},"14":{"start":{"line":120,"column":8},"end":{"line":120,"column":2168}},"15":{"start":{"line":126,"column":8},"end":{"line":126,"column":19}}},"branchMap":{}}}